Using pre-set license
Built from '6000.0/release' branch; Version is '6000.0.29f1 (9fafe5c9db65) revision 10465253'; Using compiler version '193933523'; Build Type 'Release'
OS: 'Windows 11  (10.0.22631) 64bit Professional' Language: 'ja' Physical Memory: 32509 MB
BatchMode: 1, IsHumanControllingUs: 0, StartBugReporterOnCrash: 0, Is64bit: 1, IsPro: 1

COMMAND LINE ARGUMENTS:
C:\Program Files\Unity\Hub\Editor\6000.0.29f1\Editor\Unity.exe
-adb2
-batchMode
-noUpm
-name
AssetImportWorker17
-projectPath
F:/adv
-logFile
Logs/AssetImportWorker17.log
-srvPort
49411
-job-worker-count
5
-background-job-worker-count
8
-asset-garbage-collectors
1
Successfully changed project path to: F:/adv
F:/adv
[UnityMemory] Configuration Parameters - Can be set up in boot.config
    "memorysetup-bucket-allocator-granularity=16"
    "memorysetup-bucket-allocator-bucket-count=8"
    "memorysetup-bucket-allocator-block-size=33554432"
    "memorysetup-bucket-allocator-block-count=8"
    "memorysetup-main-allocator-block-size=16777216"
    "memorysetup-thread-allocator-block-size=16777216"
    "memorysetup-gfx-main-allocator-block-size=16777216"
    "memorysetup-gfx-thread-allocator-block-size=16777216"
    "memorysetup-cache-allocator-block-size=4194304"
    "memorysetup-typetree-allocator-block-size=2097152"
    "memorysetup-profiler-bucket-allocator-granularity=16"
    "memorysetup-profiler-bucket-allocator-bucket-count=8"
    "memorysetup-profiler-bucket-allocator-block-size=33554432"
    "memorysetup-profiler-bucket-allocator-block-count=8"
    "memorysetup-profiler-allocator-block-size=16777216"
    "memorysetup-profiler-editor-allocator-block-size=1048576"
    "memorysetup-temp-allocator-size-main=16777216"
    "memorysetup-job-temp-allocator-block-size=2097152"
    "memorysetup-job-temp-allocator-block-size-background=1048576"
    "memorysetup-job-temp-allocator-reduction-small-platforms=262144"
    "memorysetup-allocator-temp-initial-block-size-main=262144"
    "memorysetup-allocator-temp-initial-block-size-worker=262144"
    "memorysetup-temp-allocator-size-background-worker=32768"
    "memorysetup-temp-allocator-size-job-worker=262144"
    "memorysetup-temp-allocator-size-preload-manager=33554432"
    "memorysetup-temp-allocator-size-nav-mesh-worker=65536"
    "memorysetup-temp-allocator-size-audio-worker=65536"
    "memorysetup-temp-allocator-size-cloud-worker=32768"
    "memorysetup-temp-allocator-size-gi-baking-worker=262144"
    "memorysetup-temp-allocator-size-gi-baking-worker=262144"
    "memorysetup-temp-allocator-size-gi-baking-worker=262144"
    "memorysetup-temp-allocator-size-gi-baking-worker=262144"
    "memorysetup-temp-allocator-size-gi-baking-worker=262144"
    "memorysetup-temp-allocator-size-gfx=262144"
Player connection [28388]  Target information:

Player connection [28388]  * "[IP] 172.18.4.155 [Port] 0 [Flags] 2 [Guid] 462094662 [EditorId] 462094662 [Version] 1048832 [Id] WindowsEditor(7,45-022-WD) [Debug] 1 [PackageName] WindowsEditor [ProjectName] Editor" 

Player connection [28388] Host joined multi-casting on [225.0.0.222:54997]...
Player connection [28388] Host joined alternative multi-casting on [225.0.0.222:34997]...
JobSystem: Creating JobQueue using job-worker-count value 5
[Physics::Module] Initialized fallback backend.
[Physics::Module] Id: 0xdecafbad
Library Redirect Path: Library/
[Physics::Module] Selected backend.
[Physics::Module] Name: PhysX
[Physics::Module] Id: 0xf2b8ea05
[Physics::Module] SDK Version: 4.1.2
[Physics::Module] Integration Version: 1.0.0
[Physics::Module] Threading Mode: Multi-Threaded
Refreshing native plugins compatible for Editor in 1.76 ms, found 1 plugins.
Preloading 0 native plugins for Editor in 0.00 ms.
Initialize engine version: 6000.0.29f1 (9fafe5c9db65)
[Subsystems] Discovering subsystems at path C:/Program Files/Unity/Hub/Editor/6000.0.29f1/Editor/Data/Resources/UnitySubsystems
[Subsystems] Discovering subsystems at path F:/adv/Assets
GfxDevice: creating device client; kGfxThreadingModeNonThreaded
Direct3D:
    Version:  Direct3D 11.0 [level 11.1]
    Renderer: NVIDIA GeForce GTX 1660 SUPER (ID=0x21c4)
    Vendor:   NVIDIA
    VRAM:     5966 MB
    Driver:   32.0.15.6094
Initialize mono
Mono path[0] = 'C:/Program Files/Unity/Hub/Editor/6000.0.29f1/Editor/Data/Managed'
Mono path[1] = 'C:/Program Files/Unity/Hub/Editor/6000.0.29f1/Editor/Data/MonoBleedingEdge/lib/mono/unityjit-win32'
Mono config path = 'C:/Program Files/Unity/Hub/Editor/6000.0.29f1/Editor/Data/MonoBleedingEdge/etc'
Using monoOptions --debugger-agent=transport=dt_socket,embedding=1,server=y,suspend=n,address=127.0.0.1:56300
Begin MonoManager ReloadAssembly
Registering precompiled unity dll's ...
Register platform support module: C:/Program Files/Unity/Hub/Editor/6000.0.29f1/Editor/Data/PlaybackEngines/WindowsStandaloneSupport/UnityEditor.WindowsStandalone.Extensions.dll
Registered in 0.002280 seconds.
- Loaded All Assemblies, in  0.370 seconds
Native extension for WindowsStandalone target not found
Mono: successfully reloaded assembly
- Finished resetting the current domain, in  0.313 seconds
Domain Reload Profiling: 682ms
	BeginReloadAssembly (127ms)
		ExecutionOrderSort (0ms)
		DisableScriptedObjects (0ms)
		BackupInstance (0ms)
		ReleaseScriptingObjects (0ms)
		CreateAndSetChildDomain (1ms)
	RebuildCommonClasses (39ms)
	RebuildNativeTypeToScriptingClass (10ms)
	initialDomainReloadingComplete (44ms)
	LoadAllAssembliesAndSetupDomain (148ms)
		LoadAssemblies (125ms)
		RebuildTransferFunctionScriptingTraits (0ms)
		AnalyzeDomain (145ms)
			TypeCache.Refresh (144ms)
				TypeCache.ScanAssembly (129ms)
			BuildScriptInfoCaches (0ms)
			ResolveRequiredComponents (1ms)
	FinalizeReload (313ms)
		ReleaseScriptCaches (0ms)
		RebuildScriptCaches (0ms)
		SetupLoadedEditorAssemblies (270ms)
			LogAssemblyErrors (0ms)
			InitializePlatformSupportModulesInManaged (25ms)
			SetLoadedEditorAssemblies (5ms)
			BeforeProcessingInitializeOnLoad (5ms)
			ProcessInitializeOnLoadAttributes (175ms)
			ProcessInitializeOnLoadMethodAttributes (58ms)
			AfterProcessingInitializeOnLoad (3ms)
			EditorAssembliesLoaded (0ms)
		ExecutionOrderSort2 (0ms)
		AwakeInstancesAfterBackupRestoration (0ms)
========================================================================
Worker process is ready to serve import requests
Import Worker Mode flag is 0x00
Begin MonoManager ReloadAssembly
- Loaded All Assemblies, in  0.642 seconds
Refreshing native plugins compatible for Editor in 1.10 ms, found 1 plugins.
Native extension for WindowsStandalone target not found
Mono: successfully reloaded assembly
Package Manager log level set to [2]
[Package Manager] Failed to launch server process. Reason: Unity was launched with the -noUpm command-line argument
[Package Manager] Unable to send message (not connected to server process).
[Package Manager] Cannot connect to Unity Package Manager local server
[Package Manager] Failed to launch server process. Reason: Unity was launched with the -noUpm command-line argument
[Package Manager] Unable to send message (not connected to server process).
[Package Manager] Cannot connect to Unity Package Manager local server
- Finished resetting the current domain, in  0.626 seconds
Domain Reload Profiling: 1266ms
	BeginReloadAssembly (155ms)
		ExecutionOrderSort (0ms)
		DisableScriptedObjects (7ms)
		BackupInstance (0ms)
		ReleaseScriptingObjects (0ms)
		CreateAndSetChildDomain (23ms)
	RebuildCommonClasses (28ms)
	RebuildNativeTypeToScriptingClass (9ms)
	initialDomainReloadingComplete (31ms)
	LoadAllAssembliesAndSetupDomain (417ms)
		LoadAssemblies (300ms)
		RebuildTransferFunctionScriptingTraits (0ms)
		AnalyzeDomain (211ms)
			TypeCache.Refresh (151ms)
				TypeCache.ScanAssembly (139ms)
			BuildScriptInfoCaches (45ms)
			ResolveRequiredComponents (13ms)
	FinalizeReload (627ms)
		ReleaseScriptCaches (0ms)
		RebuildScriptCaches (0ms)
		SetupLoadedEditorAssemblies (483ms)
			LogAssemblyErrors (0ms)
			InitializePlatformSupportModulesInManaged (2ms)
			SetLoadedEditorAssemblies (7ms)
			BeforeProcessingInitializeOnLoad (106ms)
			ProcessInitializeOnLoadAttributes (271ms)
			ProcessInitializeOnLoadMethodAttributes (91ms)
			AfterProcessingInitializeOnLoad (7ms)
			EditorAssembliesLoaded (0ms)
		ExecutionOrderSort2 (0ms)
		AwakeInstancesAfterBackupRestoration (5ms)
Launched and connected shader compiler UnityShaderCompiler.exe after 0.01 seconds
Refreshing native plugins compatible for Editor in 1.26 ms, found 1 plugins.
Preloading 0 native plugins for Editor in 0.00 ms.
Unloading 211 Unused Serialized files (Serialized files now loaded: 0)
Unloading 6225 unused Assets / (4.7 MB). Loaded Objects now: 6917.
Memory consumption went from 175.9 MB to 171.2 MB.
Total: 8.377000 ms (FindLiveObjects: 0.603600 ms CreateObjectMapping: 0.691000 ms MarkObjects: 4.534500 ms  DeleteObjects: 2.546700 ms)

========================================================================
Received Import Request.
  Time since last request: 1000132.267470 seconds.
  path: Assets/GameMain/Textures/part_spark_small_dff.tif
  artifactKey: Guid(1478894bc9a1ed241b05b0862a7b8bce) Importer(815301076,1909f56bfc062723c751e8b465ee728b)
Start importing Assets/GameMain/Textures/part_spark_small_dff.tif using Guid(1478894bc9a1ed241b05b0862a7b8bce) Importer(815301076,1909f56bfc062723c751e8b465ee728b) (PreviewImporter) -> (artifact id: 'e3813b19b138a43f69ada3217607415f') in 0.6255736 seconds
Number of updated asset objects reloaded before import = 0Number of asset objects unloaded after import = 2

========================================================================
Received Import Request.
  Time since last request: 1.470188 seconds.
  path: Assets/Plugins/Pixel Crushers/Dialogue System/Prefabs/Art/Textures/Shared Textures/Default QTE Atlas.png
  artifactKey: Guid(55cedb0f46289194693d8f409d78e273) Importer(815301076,1909f56bfc062723c751e8b465ee728b)
Start importing Assets/Plugins/Pixel Crushers/Dialogue System/Prefabs/Art/Textures/Shared Textures/Default QTE Atlas.png using Guid(55cedb0f46289194693d8f409d78e273) Importer(815301076,1909f56bfc062723c751e8b465ee728b) (PreviewImporter) -> (artifact id: 'fdd0b937f66633146e4ce618b4977be9') in 0.1154541 seconds
Number of updated asset objects reloaded before import = 0Number of asset objects unloaded after import = 2

========================================================================
Received Import Request.
  Time since last request: 0.111231 seconds.
  path: Assets/Plugins/Pixel Crushers/Dialogue System/Demo/Art/Scifi Environment/Textures/ceilTypeA_Diff.png
  artifactKey: Guid(74003c0aca445824dbd8c5ade40e49f8) Importer(815301076,1909f56bfc062723c751e8b465ee728b)
Start importing Assets/Plugins/Pixel Crushers/Dialogue System/Demo/Art/Scifi Environment/Textures/ceilTypeA_Diff.png using Guid(74003c0aca445824dbd8c5ade40e49f8) Importer(815301076,1909f56bfc062723c751e8b465ee728b) (PreviewImporter) -> (artifact id: 'e4afec3e0fa76f088e3b629824d4f96c') in 0.2089425 seconds
Number of updated asset objects reloaded before import = 0Number of asset objects unloaded after import = 2

========================================================================
Received Import Request.
  Time since last request: 29.121713 seconds.
  path: Assets/GameMain/Textures/prop_asteroid_02_nrm.tif
  artifactKey: Guid(6d9b42ac01f24bf4d98923573f103575) Importer(815301076,1909f56bfc062723c751e8b465ee728b)
Start importing Assets/GameMain/Textures/prop_asteroid_02_nrm.tif using Guid(6d9b42ac01f24bf4d98923573f103575) Importer(815301076,1909f56bfc062723c751e8b465ee728b) (PreviewImporter) -> (artifact id: '4d1e54e28a4380d8ab570c6bfcc47bdd') in 0.0849999 seconds
Number of updated asset objects reloaded before import = 0Number of asset objects unloaded after import = 2

========================================================================
Received Import Request.
  Time since last request: 0.507796 seconds.
  path: Assets/Plugins/Pixel Crushers/Dialogue System/Prefabs/Art/Textures/Shared Textures/QTE 0 Good.png
  artifactKey: Guid(59a5e9bd0630df84aaa81faa40b8d0ae) Importer(815301076,1909f56bfc062723c751e8b465ee728b)
Start importing Assets/Plugins/Pixel Crushers/Dialogue System/Prefabs/Art/Textures/Shared Textures/QTE 0 Good.png using Guid(59a5e9bd0630df84aaa81faa40b8d0ae) Importer(815301076,1909f56bfc062723c751e8b465ee728b) (PreviewImporter) -> (artifact id: '90d7196daac086e9a62da34fad33ba4b') in 0.234919 seconds
Number of updated asset objects reloaded before import = 0Number of asset objects unloaded after import = 2

========================================================================
Received Import Request.
  Time since last request: 0.000025 seconds.
  path: Assets/Plugins/Pixel Crushers/Dialogue System/Demo/Art/Recon Troop/Textures/ReconTroop1024x1024_Red.png
  artifactKey: Guid(029146ce6d2836c448329c460b67d277) Importer(815301076,1909f56bfc062723c751e8b465ee728b)
Start importing Assets/Plugins/Pixel Crushers/Dialogue System/Demo/Art/Recon Troop/Textures/ReconTroop1024x1024_Red.png using Guid(029146ce6d2836c448329c460b67d277) Importer(815301076,1909f56bfc062723c751e8b465ee728b) (PreviewImporter) -> (artifact id: '660536cddedc9f0fe2b308102d53443e') in 0.0843384 seconds
Number of updated asset objects reloaded before import = 0Number of asset objects unloaded after import = 2

========================================================================
Received Import Request.
  Time since last request: 0.000023 seconds.
  path: Assets/Plugins/Pixel Crushers/Dialogue System/Demo/Art/Recon Troop/ShaderMaps/ReconTroop_NRM.png
  artifactKey: Guid(e568b26774dde804c8237c942f5bfdc7) Importer(815301076,1909f56bfc062723c751e8b465ee728b)
Start importing Assets/Plugins/Pixel Crushers/Dialogue System/Demo/Art/Recon Troop/ShaderMaps/ReconTroop_NRM.png using Guid(e568b26774dde804c8237c942f5bfdc7) Importer(815301076,1909f56bfc062723c751e8b465ee728b) (PreviewImporter) -> (artifact id: '2f6a2f57c45a099b391dac88ee3db028') in 0.0684033 seconds
Number of updated asset objects reloaded before import = 0Number of asset objects unloaded after import = 2

========================================================================
Received Import Request.
  Time since last request: 0.264935 seconds.
  path: Assets/Plugins/Pixel Crushers/Dialogue System/Prefabs/Art/Textures/Shared Textures/Blank.png
  artifactKey: Guid(d90a2d7a4a84a15439fb9d36f7d41a43) Importer(815301076,1909f56bfc062723c751e8b465ee728b)
Start importing Assets/Plugins/Pixel Crushers/Dialogue System/Prefabs/Art/Textures/Shared Textures/Blank.png using Guid(d90a2d7a4a84a15439fb9d36f7d41a43) Importer(815301076,1909f56bfc062723c751e8b465ee728b) (PreviewImporter) -> (artifact id: '14e2825a7a2552caa7e52b7d7b7f507a') in 0.0370794 seconds
Number of updated asset objects reloaded before import = 0Number of asset objects unloaded after import = 2

========================================================================
Received Import Request.
  Time since last request: 10.349826 seconds.
  path: Assets/Plugins/Pixel Crushers/Dialogue System/Demo/Art/Recon Troop/Textures/ReconTroopHelmet.png
  artifactKey: Guid(065e8646bef9bed48b5fad79551d1166) Importer(815301076,1909f56bfc062723c751e8b465ee728b)
Start importing Assets/Plugins/Pixel Crushers/Dialogue System/Demo/Art/Recon Troop/Textures/ReconTroopHelmet.png using Guid(065e8646bef9bed48b5fad79551d1166) Importer(815301076,1909f56bfc062723c751e8b465ee728b) (PreviewImporter) -> (artifact id: '73b38a30ab0b996848371da66e7cdd8b') in 0.1001421 seconds
Number of updated asset objects reloaded before import = 0Number of asset objects unloaded after import = 2

========================================================================
Received Import Request.
  Time since last request: 0.000022 seconds.
  path: Assets/Plugins/Pixel Crushers/Dialogue System/Demo/Art/Recon Troop/ShaderMaps/ReconTroopHelmet_SPEC.png
  artifactKey: Guid(dc4febec6df821747a7ad80355ef92b0) Importer(815301076,1909f56bfc062723c751e8b465ee728b)
Start importing Assets/Plugins/Pixel Crushers/Dialogue System/Demo/Art/Recon Troop/ShaderMaps/ReconTroopHelmet_SPEC.png using Guid(dc4febec6df821747a7ad80355ef92b0) Importer(815301076,1909f56bfc062723c751e8b465ee728b) (PreviewImporter) -> (artifact id: '58cf67b4f7dca49f2921d3fe33285d99') in 0.0479321 seconds
Number of updated asset objects reloaded before import = 0Number of asset objects unloaded after import = 2

========================================================================
Received Import Request.
  Time since last request: 0.000021 seconds.
  path: Assets/Editor Default Resources/Dialogue System/Script.png
  artifactKey: Guid(cfb2ddf8e3923324ea96e23ee67d79b6) Importer(815301076,1909f56bfc062723c751e8b465ee728b)
Start importing Assets/Editor Default Resources/Dialogue System/Script.png using Guid(cfb2ddf8e3923324ea96e23ee67d79b6) Importer(815301076,1909f56bfc062723c751e8b465ee728b) (PreviewImporter) -> (artifact id: 'beb046580ffca46a2590b1364b396fd2') in 0.0429963 seconds
Number of updated asset objects reloaded before import = 0Number of asset objects unloaded after import = 2

========================================================================
Received Import Request.
  Time since last request: 1.657432 seconds.
  path: Assets/Plugins/Pixel Crushers/Dialogue System/Prefabs/Art/Textures/Shared Textures/Solid Black.png
  artifactKey: Guid(c4119e9b4f34c524484cf7eeedd058fb) Importer(815301076,1909f56bfc062723c751e8b465ee728b)
Start importing Assets/Plugins/Pixel Crushers/Dialogue System/Prefabs/Art/Textures/Shared Textures/Solid Black.png using Guid(c4119e9b4f34c524484cf7eeedd058fb) Importer(815301076,1909f56bfc062723c751e8b465ee728b) (PreviewImporter) -> (artifact id: 'cea105d7400d70567306e780b6903d60') in 0.0486201 seconds
Number of updated asset objects reloaded before import = 0Number of asset objects unloaded after import = 2

========================================================================
Received Import Request.
  Time since last request: 0.059135 seconds.
  path: Assets/Plugins/Pixel Crushers/Dialogue System/Demo/Art/Scifi Environment/Textures/Terminal_Norm.png
  artifactKey: Guid(944dd0f2bf6ff0449ab84e04d84e79f7) Importer(815301076,1909f56bfc062723c751e8b465ee728b)
Start importing Assets/Plugins/Pixel Crushers/Dialogue System/Demo/Art/Scifi Environment/Textures/Terminal_Norm.png using Guid(944dd0f2bf6ff0449ab84e04d84e79f7) Importer(815301076,1909f56bfc062723c751e8b465ee728b) (PreviewImporter) -> (artifact id: '99427ecf935f10a3f97e343ce69ccbc1') in 0.2614886 seconds
Number of updated asset objects reloaded before import = 0Number of asset objects unloaded after import = 2

========================================================================
Received Import Request.
  Time since last request: 0.000026 seconds.
  path: Assets/Plugins/Pixel Crushers/Dialogue System/Demo/Art/Textures/Portraits/TroopGreen.png
  artifactKey: Guid(e63e2479a8b2dc54ea311a230ce6c979) Importer(815301076,1909f56bfc062723c751e8b465ee728b)
Start importing Assets/Plugins/Pixel Crushers/Dialogue System/Demo/Art/Textures/Portraits/TroopGreen.png using Guid(e63e2479a8b2dc54ea311a230ce6c979) Importer(815301076,1909f56bfc062723c751e8b465ee728b) (PreviewImporter) -> (artifact id: 'c9376d8e9cf0cd3eb51edf8fae995640') in 0.286466 seconds
Number of updated asset objects reloaded before import = 0Number of asset objects unloaded after import = 2

========================================================================
Received Import Request.
  Time since last request: 0.108302 seconds.
  path: Assets/GameMain/Textures/vehicle_enemyShip_purple_dff.tif
  artifactKey: Guid(6e5d026bf0652ed4380f6a66f4aa26c5) Importer(815301076,1909f56bfc062723c751e8b465ee728b)
Start importing Assets/GameMain/Textures/vehicle_enemyShip_purple_dff.tif using Guid(6e5d026bf0652ed4380f6a66f4aa26c5) Importer(815301076,1909f56bfc062723c751e8b465ee728b) (PreviewImporter) -> (artifact id: '0b5974692e4bbc6d4f4eef542ddcfbec') in 0.2226807 seconds
Number of updated asset objects reloaded before import = 0Number of asset objects unloaded after import = 2

========================================================================
Received Import Request.
  Time since last request: 0.000024 seconds.
  path: Assets/Plugins/Pixel Crushers/Dialogue System/Demo/Art/Scifi Environment/Textures/WallDivider_LightBeam_ts_Glow.png
  artifactKey: Guid(223b2b0783e8f3b49954d2d05f4d4db7) Importer(815301076,1909f56bfc062723c751e8b465ee728b)
Start importing Assets/Plugins/Pixel Crushers/Dialogue System/Demo/Art/Scifi Environment/Textures/WallDivider_LightBeam_ts_Glow.png using Guid(223b2b0783e8f3b49954d2d05f4d4db7) Importer(815301076,1909f56bfc062723c751e8b465ee728b) (PreviewImporter) -> (artifact id: '2d807d795f213611647b3df4154723e7') in 0.207744 seconds
Number of updated asset objects reloaded before import = 0Number of asset objects unloaded after import = 2

========================================================================
Received Import Request.
  Time since last request: 0.000019 seconds.
  path: Assets/Plugins/Pixel Crushers/Dialogue System/Demo/Art/Scifi Environment/Textures/WallTypeA_FloorRaft_ts_Diff.png
  artifactKey: Guid(1fd277ffd8b705847a11701bf3f564a1) Importer(815301076,1909f56bfc062723c751e8b465ee728b)
Start importing Assets/Plugins/Pixel Crushers/Dialogue System/Demo/Art/Scifi Environment/Textures/WallTypeA_FloorRaft_ts_Diff.png using Guid(1fd277ffd8b705847a11701bf3f564a1) Importer(815301076,1909f56bfc062723c751e8b465ee728b) (PreviewImporter) -> (artifact id: 'ed7d3af7efe543dcc8d2b7960d77291e') in 0.0708882 seconds
Number of updated asset objects reloaded before import = 0Number of asset objects unloaded after import = 2

========================================================================
Received Import Request.
  Time since last request: 178.634829 seconds.
  path: Assets/GameMain/UI/UISprites/Common/glass_wall_43_13_ao.jpg
  artifactKey: Guid(4095cbdec6a31ef489146275a2cde67a) Importer(2089858483,192608db42251d675da83286b1cce702)
Start importing Assets/GameMain/UI/UISprites/Common/glass_wall_43_13_ao.jpg using Guid(4095cbdec6a31ef489146275a2cde67a) Importer(2089858483,192608db42251d675da83286b1cce702) (ScriptedImporter) -> (artifact id: '2b8513d97fd06f96889ca396f4b65bc0') in 0.4277099 seconds
Number of updated asset objects reloaded before import = 0Number of asset objects unloaded after import = 1

========================================================================
Received Import Request.
  Time since last request: 2.250167 seconds.
  path: Assets/GameMain/UI/UISprites/Common/glass_wall_43_13_ao.jpg
  artifactKey: Guid(4095cbdec6a31ef489146275a2cde67a) Importer(815301076,1909f56bfc062723c751e8b465ee728b)
Start importing Assets/GameMain/UI/UISprites/Common/glass_wall_43_13_ao.jpg using Guid(4095cbdec6a31ef489146275a2cde67a) Importer(815301076,1909f56bfc062723c751e8b465ee728b) (PreviewImporter) -> (artifact id: 'fb4f33311a1d6e59234b1be638f0d302') in 0.0131117 seconds
Number of updated asset objects reloaded before import = 0Number of asset objects unloaded after import = 2

========================================================================
Received Import Request.
  Time since last request: 38.766520 seconds.
  path: Assets/GameMain/UI/UISprites/Common/glass_wall_43_13_emissive.jpg
  artifactKey: Guid(b8defca31d2864541a5002b8bea04091) Importer(2089858483,192608db42251d675da83286b1cce702)
Start importing Assets/GameMain/UI/UISprites/Common/glass_wall_43_13_emissive.jpg using Guid(b8defca31d2864541a5002b8bea04091) Importer(2089858483,192608db42251d675da83286b1cce702) (ScriptedImporter) -> (artifact id: 'b9433d3ab255b91daf36f95be95b84cd') in 0.0270035 seconds
Number of updated asset objects reloaded before import = 0Number of asset objects unloaded after import = 1

========================================================================
Received Import Request.
  Time since last request: 2.749646 seconds.
  path: Assets/GameMain/UI/UISprites/Common/glass_wall_43_13_emissive.jpg
  artifactKey: Guid(b8defca31d2864541a5002b8bea04091) Importer(815301076,1909f56bfc062723c751e8b465ee728b)
Start importing Assets/GameMain/UI/UISprites/Common/glass_wall_43_13_emissive.jpg using Guid(b8defca31d2864541a5002b8bea04091) Importer(815301076,1909f56bfc062723c751e8b465ee728b) (PreviewImporter) -> (artifact id: 'e949406d044b4d09f2ede89d5f17a189') in 0.0160973 seconds
Number of updated asset objects reloaded before import = 0Number of asset objects unloaded after import = 2

========================================================================
Received Import Request.
  Time since last request: 47.720013 seconds.
  path: Assets/GameMain/UI/UISprites/Common/glass_wall_43_13_roughness.jpg
  artifactKey: Guid(3a4ec99a0a621c4409ad78649c33ffc8) Importer(2089858483,192608db42251d675da83286b1cce702)
Start importing Assets/GameMain/UI/UISprites/Common/glass_wall_43_13_roughness.jpg using Guid(3a4ec99a0a621c4409ad78649c33ffc8) Importer(2089858483,192608db42251d675da83286b1cce702) (ScriptedImporter) -> (artifact id: 'e22f9abd311356ed0b24639bba1c88ba') in 0.0447095 seconds
Number of updated asset objects reloaded before import = 0Number of asset objects unloaded after import = 1

========================================================================
Received Import Request.
  Time since last request: 9.163102 seconds.
  path: Assets/GameMain/UI/UISprites/Common/glass_wall_43_13_roughness.jpg
  artifactKey: Guid(3a4ec99a0a621c4409ad78649c33ffc8) Importer(815301076,1909f56bfc062723c751e8b465ee728b)
Start importing Assets/GameMain/UI/UISprites/Common/glass_wall_43_13_roughness.jpg using Guid(3a4ec99a0a621c4409ad78649c33ffc8) Importer(815301076,1909f56bfc062723c751e8b465ee728b) (PreviewImporter) -> (artifact id: '5f8d5828a8390d7919cc2615853a8fbf') in 0.0096104 seconds
Number of updated asset objects reloaded before import = 0Number of asset objects unloaded after import = 2

========================================================================
Received Import Request.
  Time since last request: 171.828045 seconds.
  path: Assets/Plugins/Unity-URP-ScreenSpaceRefraction/Examples/Crystal.mat
  artifactKey: Guid(f9ac8f05cb5320d4fba60c4499614b9b) Importer(2089858483,192608db42251d675da83286b1cce702)
Start importing Assets/Plugins/Unity-URP-ScreenSpaceRefraction/Examples/Crystal.mat using Guid(f9ac8f05cb5320d4fba60c4499614b9b) Importer(2089858483,192608db42251d675da83286b1cce702) (ScriptedImporter) -> (artifact id: '53332950204c97db82ce20fdf1a5c326') in 0.1519549 seconds
Number of updated asset objects reloaded before import = 0Number of asset objects unloaded after import = 11

========================================================================
Received Import Request.
  Time since last request: 102.301796 seconds.
  path: Assets/GameMain/UI/UISprites/Common/glass_wall_43_13_diffuse.jpg
  artifactKey: Guid(905f6a2c8465a934789dde897f67c785) Importer(2089858483,192608db42251d675da83286b1cce702)
Start importing Assets/GameMain/UI/UISprites/Common/glass_wall_43_13_diffuse.jpg using Guid(905f6a2c8465a934789dde897f67c785) Importer(2089858483,192608db42251d675da83286b1cce702) (ScriptedImporter) -> (artifact id: 'bf2f0fc770087e9bc45e7d32b8c11365') in 0.0319125 seconds
Number of updated asset objects reloaded before import = 0Number of asset objects unloaded after import = 1

========================================================================
Received Import Request.
  Time since last request: 145.838823 seconds.
  path: Assets/Plugins/Unity-URP-ScreenSpaceRefraction/Examples/Crystal.mat
  artifactKey: Guid(f9ac8f05cb5320d4fba60c4499614b9b) Importer(2089858483,192608db42251d675da83286b1cce702)
Start importing Assets/Plugins/Unity-URP-ScreenSpaceRefraction/Examples/Crystal.mat using Guid(f9ac8f05cb5320d4fba60c4499614b9b) Importer(2089858483,192608db42251d675da83286b1cce702) (ScriptedImporter) -> (artifact id: 'b089f578950c16bdad9d7410e1120e18') in 0.2914341 seconds
Number of updated asset objects reloaded before import = 0Number of asset objects unloaded after import = 11

========================================================================
Received Import Request.
  Time since last request: 0.000025 seconds.
  path: Assets/TextMesh Pro/Shaders/TMP_SDF-Mobile.shader
  artifactKey: Guid(fe393ace9b354375a9cb14cdbbc28be4) Importer(2089858483,192608db42251d675da83286b1cce702)
Start importing Assets/TextMesh Pro/Shaders/TMP_SDF-Mobile.shader using Guid(fe393ace9b354375a9cb14cdbbc28be4) Importer(2089858483,192608db42251d675da83286b1cce702) (ScriptedImporter) -> (artifact id: 'd851294a78ebd3963eb298b179b8d571') in 0.0538761 seconds
Number of updated asset objects reloaded before import = 0Number of asset objects unloaded after import = 1

========================================================================
Received Import Request.
  Time since last request: 0.000039 seconds.
  path: Assets/TextMesh Pro/Resources/Style Sheets/Default Style Sheet.asset
  artifactKey: Guid(f952c082cb03451daed3ee968ac6c63e) Importer(2089858483,192608db42251d675da83286b1cce702)
Start importing Assets/TextMesh Pro/Resources/Style Sheets/Default Style Sheet.asset using Guid(f952c082cb03451daed3ee968ac6c63e) Importer(2089858483,192608db42251d675da83286b1cce702) (ScriptedImporter) -> (artifact id: '19b9620ee2d028f3d0e834ee432d6c1c') in 0.040755 seconds
Number of updated asset objects reloaded before import = 0Number of asset objects unloaded after import = 1

========================================================================
Received Import Request.
  Time since last request: 0.000018 seconds.
  path: Assets/TextMesh Pro/Resources/Fonts & Materials/LiberationSans SDF.asset
  artifactKey: Guid(8f586378b4e144a9851e7b34d9b748ee) Importer(2089858483,192608db42251d675da83286b1cce702)
Start importing Assets/TextMesh Pro/Resources/Fonts & Materials/LiberationSans SDF.asset using Guid(8f586378b4e144a9851e7b34d9b748ee) Importer(2089858483,192608db42251d675da83286b1cce702) (ScriptedImporter) -> (artifact id: 'b35fc5d69b2d7afce341cada40b84427') in 0.1229955 seconds
Number of updated asset objects reloaded before import = 0Number of asset objects unloaded after import = 9

========================================================================
Received Import Request.
  Time since last request: 0.000019 seconds.
  path: Assets/TextMesh Pro/Shaders/TMP_SDF-Surface.shader
  artifactKey: Guid(f7ada0af4f174f0694ca6a487b8f543d) Importer(2089858483,192608db42251d675da83286b1cce702)
Start importing Assets/TextMesh Pro/Shaders/TMP_SDF-Surface.shader using Guid(f7ada0af4f174f0694ca6a487b8f543d) Importer(2089858483,192608db42251d675da83286b1cce702) (ScriptedImporter) -> (artifact id: '4e5aed3098e9dc6ee70cf786d6fe92fd') in 0.0590025 seconds
Number of updated asset objects reloaded before import = 0Number of asset objects unloaded after import = 1

========================================================================
Received Import Request.
  Time since last request: 0.000033 seconds.
  path: Assets/TextMesh Pro
  artifactKey: Guid(f54d1bd14bd3ca042bd867b519fee8cc) Importer(2089858483,192608db42251d675da83286b1cce702)
Start importing Assets/TextMesh Pro using Guid(f54d1bd14bd3ca042bd867b519fee8cc) Importer(2089858483,192608db42251d675da83286b1cce702) (ScriptedImporter) -> (artifact id: '780a00fe4b0ebf4aa1f3cc050f8e8427') in 0.0461249 seconds
Number of updated asset objects reloaded before import = 0Number of asset objects unloaded after import = 1

========================================================================
Received Import Request.
  Time since last request: 0.000016 seconds.
  path: Assets/TextMesh Pro/Resources/Fonts & Materials
  artifactKey: Guid(731f1baa9d144a9897cb1d341c2092b8) Importer(2089858483,192608db42251d675da83286b1cce702)
Start importing Assets/TextMesh Pro/Resources/Fonts & Materials using Guid(731f1baa9d144a9897cb1d341c2092b8) Importer(2089858483,192608db42251d675da83286b1cce702) (ScriptedImporter) -> (artifact id: '73783eeca283d5d70705de70065d4726') in 0.2762828 seconds
Number of updated asset objects reloaded before import = 0Number of asset objects unloaded after import = 1

========================================================================
Received Import Request.
  Time since last request: 0.000021 seconds.
  path: Assets/TextMesh Pro/Shaders/TMP_SDF-HDRP LIT.shadergraph
  artifactKey: Guid(ca2ed216f98028c4dae6c5224a952b3c) Importer(2089858483,192608db42251d675da83286b1cce702)
Start importing Assets/TextMesh Pro/Shaders/TMP_SDF-HDRP LIT.shadergraph using Guid(ca2ed216f98028c4dae6c5224a952b3c) Importer(2089858483,192608db42251d675da83286b1cce702) (ScriptedImporter) -> (artifact id: 'b076baf22e70b5d1254ea4b86b05bf67') in 0.0998107 seconds
Number of updated asset objects reloaded before import = 0Number of asset objects unloaded after import = 3

========================================================================
Received Import Request.
  Time since last request: 0.000030 seconds.
  path: Assets/TextMesh Pro/Shaders/TMP_Sprite.shader
  artifactKey: Guid(cf81c85f95fe47e1a27f6ae460cf182c) Importer(2089858483,192608db42251d675da83286b1cce702)
Start importing Assets/TextMesh Pro/Shaders/TMP_Sprite.shader using Guid(cf81c85f95fe47e1a27f6ae460cf182c) Importer(2089858483,192608db42251d675da83286b1cce702) (ScriptedImporter) -> (artifact id: '912c2624f272c081af3a84de56a8d221') in 0.0513032 seconds
Number of updated asset objects reloaded before import = 0Number of asset objects unloaded after import = 1

========================================================================
Received Import Request.
  Time since last request: 0.000015 seconds.
  path: Assets/TextMesh Pro/Shaders/TMP_SDF SSD.shader
  artifactKey: Guid(14eb328de4b8eb245bb7cea29e4ac00b) Importer(2089858483,192608db42251d675da83286b1cce702)
Start importing Assets/TextMesh Pro/Shaders/TMP_SDF SSD.shader using Guid(14eb328de4b8eb245bb7cea29e4ac00b) Importer(2089858483,192608db42251d675da83286b1cce702) (ScriptedImporter)Shader 'TextMeshPro/Distance Field SSD': fallback shader 'TextMeshPro/Mobile/Distance Field' not found
 -> (artifact id: '66a9eb4bc29422649e1be8f8b2529991') in 0.0527573 seconds
Number of updated asset objects reloaded before import = 0Number of asset objects unloaded after import = 1

========================================================================
Received Import Request.
  Time since last request: 0.000014 seconds.
  path: Assets/TextMesh Pro/Sprites
  artifactKey: Guid(d0603b6d5186471b96c778c3949c7ce2) Importer(2089858483,192608db42251d675da83286b1cce702)
Start importing Assets/TextMesh Pro/Sprites using Guid(d0603b6d5186471b96c778c3949c7ce2) Importer(2089858483,192608db42251d675da83286b1cce702) (ScriptedImporter) -> (artifact id: '0c29cf9e83ab6d7fce3a0aa1819134f0') in 0.007093 seconds
Number of updated asset objects reloaded before import = 0Number of asset objects unloaded after import = 1

========================================================================
Received Import Request.
  Time since last request: 0.000017 seconds.
  path: Assets/TextMesh Pro/Resources/Sprite Assets
  artifactKey: Guid(512a49d95c0c4332bdd98131869c23c9) Importer(2089858483,192608db42251d675da83286b1cce702)
Start importing Assets/TextMesh Pro/Resources/Sprite Assets using Guid(512a49d95c0c4332bdd98131869c23c9) Importer(2089858483,192608db42251d675da83286b1cce702) (ScriptedImporter) -> (artifact id: 'fe4dd171bc587cca6df06d6185d9e4a1') in 0.0130754 seconds
Number of updated asset objects reloaded before import = 0Number of asset objects unloaded after import = 1

========================================================================
Received Import Request.
  Time since last request: 0.000017 seconds.
  path: Assets/TextMesh Pro/Shaders/TMP_SDF.shader
  artifactKey: Guid(68e6db2ebdc24f95958faec2be5558d6) Importer(2089858483,192608db42251d675da83286b1cce702)
Start importing Assets/TextMesh Pro/Shaders/TMP_SDF.shader using Guid(68e6db2ebdc24f95958faec2be5558d6) Importer(2089858483,192608db42251d675da83286b1cce702) (ScriptedImporter)Shader 'TextMeshPro/Distance Field': fallback shader 'TextMeshPro/Mobile/Distance Field' not found
 -> (artifact id: '18003247b4f8f3379e51d3e745db61a8') in 0.0285078 seconds
Number of updated asset objects reloaded before import = 0Number of asset objects unloaded after import = 1

========================================================================
Received Import Request.
  Time since last request: 0.000032 seconds.
  path: Assets/TextMesh Pro/Sprites/EmojiOne.png
  artifactKey: Guid(dffef66376be4fa480fb02b19edbe903) Importer(2089858483,192608db42251d675da83286b1cce702)
Start importing Assets/TextMesh Pro/Sprites/EmojiOne.png using Guid(dffef66376be4fa480fb02b19edbe903) Importer(2089858483,192608db42251d675da83286b1cce702) (ScriptedImporter) -> (artifact id: 'ec9a834521d4a4a838c981808478ed97') in 0.1148404 seconds
Number of updated asset objects reloaded before import = 0Number of asset objects unloaded after import = 1

========================================================================
Received Import Request.
  Time since last request: 0.000022 seconds.
  path: Assets/TextMesh Pro/Shaders/TMPro_Surface.cginc
  artifactKey: Guid(d930090c0cd643c7b55f19a38538c162) Importer(2089858483,192608db42251d675da83286b1cce702)
Start importing Assets/TextMesh Pro/Shaders/TMPro_Surface.cginc using Guid(d930090c0cd643c7b55f19a38538c162) Importer(2089858483,192608db42251d675da83286b1cce702) (ScriptedImporter) -> (artifact id: '70c7e070f783e412bc98c41d61c1d08d') in 0.0308164 seconds
Number of updated asset objects reloaded before import = 0Number of asset objects unloaded after import = 1

========================================================================
Received Import Request.
  Time since last request: 0.000016 seconds.
  path: Assets/TextMesh Pro/Shaders/TMP_Bitmap-Mobile.shader
  artifactKey: Guid(1e3b057af24249748ff873be7fafee47) Importer(2089858483,192608db42251d675da83286b1cce702)
Start importing Assets/TextMesh Pro/Shaders/TMP_Bitmap-Mobile.shader using Guid(1e3b057af24249748ff873be7fafee47) Importer(2089858483,192608db42251d675da83286b1cce702) (ScriptedImporter) -> (artifact id: 'f0b3d09ad2991b26db2e7e1e5ce2ad91') in 0.0105455 seconds
Number of updated asset objects reloaded before import = 0Number of asset objects unloaded after import = 1

========================================================================
Received Import Request.
  Time since last request: 0.000025 seconds.
  path: Assets/TextMesh Pro/Sprites/EmojiOne.json
  artifactKey: Guid(8f05276190cf498a8153f6cbe761d4e6) Importer(2089858483,192608db42251d675da83286b1cce702)
Start importing Assets/TextMesh Pro/Sprites/EmojiOne.json using Guid(8f05276190cf498a8153f6cbe761d4e6) Importer(2089858483,192608db42251d675da83286b1cce702) (ScriptedImporter) -> (artifact id: 'd68bfb69eae2c554a64c1bbd944104e8') in 0.0255669 seconds
Number of updated asset objects reloaded before import = 0Number of asset objects unloaded after import = 1

========================================================================
Received Import Request.
  Time since last request: 0.000015 seconds.
  path: Assets/TextMesh Pro/Shaders/TMP_SDF-URP Unlit.shadergraph
  artifactKey: Guid(124c112a6e8f1a54e8b0870e881b56d8) Importer(2089858483,192608db42251d675da83286b1cce702)
Start importing Assets/TextMesh Pro/Shaders/TMP_SDF-URP Unlit.shadergraph using Guid(124c112a6e8f1a54e8b0870e881b56d8) Importer(2089858483,192608db42251d675da83286b1cce702) (ScriptedImporter) -> (artifact id: '68563e7955f6c730f53b1ad35269134c') in 0.0673181 seconds
Number of updated asset objects reloaded before import = 0Number of asset objects unloaded after import = 4

========================================================================
Received Import Request.
  Time since last request: 0.000018 seconds.
  path: Assets/TextMesh Pro/Resources/Style Sheets
  artifactKey: Guid(4aecb92fff08436c8303b10eab8da368) Importer(2089858483,192608db42251d675da83286b1cce702)
Start importing Assets/TextMesh Pro/Resources/Style Sheets using Guid(4aecb92fff08436c8303b10eab8da368) Importer(2089858483,192608db42251d675da83286b1cce702) (ScriptedImporter) -> (artifact id: '2c8b86dbcc883e3498cc0616c9a1599d') in 0.0078189 seconds
Number of updated asset objects reloaded before import = 0Number of asset objects unloaded after import = 1

========================================================================
Received Import Request.
  Time since last request: 0.000018 seconds.
  path: Assets/TextMesh Pro/Shaders
  artifactKey: Guid(e9f693669af91aa45ad615fc681ed29f) Importer(2089858483,192608db42251d675da83286b1cce702)
Start importing Assets/TextMesh Pro/Shaders using Guid(e9f693669af91aa45ad615fc681ed29f) Importer(2089858483,192608db42251d675da83286b1cce702) (ScriptedImporter) -> (artifact id: '5baa2ba69a5e29026b7feb27828f35f2') in 0.0125519 seconds
Number of updated asset objects reloaded before import = 0Number of asset objects unloaded after import = 1

========================================================================
Received Import Request.
  Time since last request: 0.000019 seconds.
  path: Assets/TextMesh Pro/Shaders/TMP_SDF-Surface-Mobile.shader
  artifactKey: Guid(85187c2149c549c5b33f0cdb02836b17) Importer(2089858483,192608db42251d675da83286b1cce702)
Start importing Assets/TextMesh Pro/Shaders/TMP_SDF-Surface-Mobile.shader using Guid(85187c2149c549c5b33f0cdb02836b17) Importer(2089858483,192608db42251d675da83286b1cce702) (ScriptedImporter) -> (artifact id: '328a6c87db66d20dc359ed4b47351f07') in 0.0134008 seconds
Number of updated asset objects reloaded before import = 0Number of asset objects unloaded after import = 1

========================================================================
Received Import Request.
  Time since last request: 0.000032 seconds.
  path: Assets/TextMesh Pro/Shaders/TMP_Bitmap-Custom-Atlas.shader
  artifactKey: Guid(48bb5f55d8670e349b6e614913f9d910) Importer(2089858483,192608db42251d675da83286b1cce702)
Start importing Assets/TextMesh Pro/Shaders/TMP_Bitmap-Custom-Atlas.shader using Guid(48bb5f55d8670e349b6e614913f9d910) Importer(2089858483,192608db42251d675da83286b1cce702) (ScriptedImporter) -> (artifact id: '5bc8ccb3e634c2c2b43062970e49fee6') in 0.0873239 seconds
Number of updated asset objects reloaded before import = 0Number of asset objects unloaded after import = 1

========================================================================
Received Import Request.
  Time since last request: 0.000014 seconds.
  path: Assets/TextMesh Pro/Fonts/LiberationSans.ttf
  artifactKey: Guid(e3265ab4bf004d28a9537516768c1c75) Importer(2089858483,192608db42251d675da83286b1cce702)
Start importing Assets/TextMesh Pro/Fonts/LiberationSans.ttf using Guid(e3265ab4bf004d28a9537516768c1c75) Importer(2089858483,192608db42251d675da83286b1cce702) (ScriptedImporter) -> (artifact id: 'fbd0886239e3598969852d7c972b1644') in 0.0252445 seconds
Number of updated asset objects reloaded before import = 0Number of asset objects unloaded after import = 3

========================================================================
Received Import Request.
  Time since last request: 57.425012 seconds.
  path: Assets/TextMesh Pro/Resources/Fonts & Materials/LiberationSans SDF.asset
  artifactKey: Guid(8f586378b4e144a9851e7b34d9b748ee) Importer(815301076,1909f56bfc062723c751e8b465ee728b)
Start importing Assets/TextMesh Pro/Resources/Fonts & Materials/LiberationSans SDF.asset using Guid(8f586378b4e144a9851e7b34d9b748ee) Importer(815301076,1909f56bfc062723c751e8b465ee728b) (PreviewImporter) -> (artifact id: '37ffb8bbe1b4d5ea72de02b90310fa2d') in 0.5438133 seconds
Number of updated asset objects reloaded before import = 0Number of asset objects unloaded after import = 10

========================================================================
Received Import Request.
  Time since last request: 15.116697 seconds.
  path: Assets/TextMesh Pro/Glyph Report.txt
  artifactKey: Guid(3b4cc2c5545b18245937d4b18762d35c) Importer(2089858483,192608db42251d675da83286b1cce702)
Start importing Assets/TextMesh Pro/Glyph Report.txt using Guid(3b4cc2c5545b18245937d4b18762d35c) Importer(2089858483,192608db42251d675da83286b1cce702) (ScriptedImporter) -> (artifact id: '41a49dc2faace7a5e6c7bd1871447db0') in 0.0046676 seconds
Number of updated asset objects reloaded before import = 0Number of asset objects unloaded after import = 1

========================================================================
Received Import Request.
  Time since last request: 1.047194 seconds.
  path: Assets/TextMesh Pro/Resources/Fonts & Materials/LiberationSans SDF.asset
  artifactKey: Guid(8f586378b4e144a9851e7b34d9b748ee) Importer(815301076,1909f56bfc062723c751e8b465ee728b)
Start importing Assets/TextMesh Pro/Resources/Fonts & Materials/LiberationSans SDF.asset using Guid(8f586378b4e144a9851e7b34d9b748ee) Importer(815301076,1909f56bfc062723c751e8b465ee728b) (PreviewImporter) -> (artifact id: 'ef55bc33c60a210dcef5ffb48eb33307') in 0.1018 seconds
Number of updated asset objects reloaded before import = 0Number of asset objects unloaded after import = 10

========================================================================
Received Import Request.
  Time since last request: 1.081767 seconds.
  path: Assets/TextMesh Pro/Resources/Fonts & Materials/LiberationSans SDF.asset
  artifactKey: Guid(8f586378b4e144a9851e7b34d9b748ee) Importer(2089858483,192608db42251d675da83286b1cce702)
Start importing Assets/TextMesh Pro/Resources/Fonts & Materials/LiberationSans SDF.asset using Guid(8f586378b4e144a9851e7b34d9b748ee) Importer(2089858483,192608db42251d675da83286b1cce702) (ScriptedImporter) -> (artifact id: '9c0aee807105e93be14daca2a4bc9fa8') in 0.1236816 seconds
Number of updated asset objects reloaded before import = 0Number of asset objects unloaded after import = 9

========================================================================
Received Import Request.
  Time since last request: 75.971479 seconds.
  path: Assets/GameMain/Scenes/Main.unity
  artifactKey: Guid(943c304907294914da95dd142a050cfa) Importer(2089858483,192608db42251d675da83286b1cce702)
Start importing Assets/GameMain/Scenes/Main.unity using Guid(943c304907294914da95dd142a050cfa) Importer(2089858483,192608db42251d675da83286b1cce702) (ScriptedImporter) -> (artifact id: '8eb666f39c09d1393c69a1a4335890fb') in 0.0369117 seconds
Number of updated asset objects reloaded before import = 0Number of asset objects unloaded after import = 1

========================================================================
Received Import Request.
  Time since last request: 27.997975 seconds.
  path: Assets/TextMesh Pro/Resources/Fonts & Materials/LiberationSans SDF - Fallback.asset
  artifactKey: Guid(2e498d1c8094910479dc3e1b768306a4) Importer(815301076,1909f56bfc062723c751e8b465ee728b)
Start importing Assets/TextMesh Pro/Resources/Fonts & Materials/LiberationSans SDF - Fallback.asset using Guid(2e498d1c8094910479dc3e1b768306a4) Importer(815301076,1909f56bfc062723c751e8b465ee728b) (PreviewImporter) -> (artifact id: '4f30bafc5b32babc1ed10d7c2bbe48d9') in 0.0194962 seconds
Number of updated asset objects reloaded before import = 0Number of asset objects unloaded after import = 7

========================================================================
Received Import Request.
  Time since last request: 174.415863 seconds.
  path: Assets/GameMain/Fonts/simfang.ttf
  artifactKey: Guid(4be48b9b20094e0458e85704a16bde04) Importer(2089858483,192608db42251d675da83286b1cce702)
Start importing Assets/GameMain/Fonts/simfang.ttf using Guid(4be48b9b20094e0458e85704a16bde04) Importer(2089858483,192608db42251d675da83286b1cce702) (ScriptedImporter) -> (artifact id: '5c2d8300d2068033ae21a8386143e4f5') in 0.0284121 seconds
Number of updated asset objects reloaded before import = 0Number of asset objects unloaded after import = 3

========================================================================
Received Import Request.
  Time since last request: 1.050107 seconds.
  path: Assets/GameMain/Fonts/simfang.ttf
  artifactKey: Guid(4be48b9b20094e0458e85704a16bde04) Importer(815301076,1909f56bfc062723c751e8b465ee728b)
Start importing Assets/GameMain/Fonts/simfang.ttf using Guid(4be48b9b20094e0458e85704a16bde04) Importer(815301076,1909f56bfc062723c751e8b465ee728b) (PreviewImporter) -> (artifact id: '068f2f8c5cbf12c439e45cf47608046b') in 0.0226248 seconds
Number of updated asset objects reloaded before import = 0Number of asset objects unloaded after import = 4

========================================================================
Received Import Request.
  Time since last request: 19.790535 seconds.
  path: Assets/TextMesh Pro/Fonts/LiberationSans.ttf
  artifactKey: Guid(e3265ab4bf004d28a9537516768c1c75) Importer(815301076,1909f56bfc062723c751e8b465ee728b)
Start importing Assets/TextMesh Pro/Fonts/LiberationSans.ttf using Guid(e3265ab4bf004d28a9537516768c1c75) Importer(815301076,1909f56bfc062723c751e8b465ee728b) (PreviewImporter) -> (artifact id: 'dfb8d3545383e7e8b2939a740b346610') in 0.0237802 seconds
Number of updated asset objects reloaded before import = 0Number of asset objects unloaded after import = 4

========================================================================
Received Import Request.
  Time since last request: 12.375022 seconds.
  path: Assets/TextMesh Pro/Glyph Report.txt
  artifactKey: Guid(3b4cc2c5545b18245937d4b18762d35c) Importer(2089858483,192608db42251d675da83286b1cce702)
Start importing Assets/TextMesh Pro/Glyph Report.txt using Guid(3b4cc2c5545b18245937d4b18762d35c) Importer(2089858483,192608db42251d675da83286b1cce702) (ScriptedImporter) -> (artifact id: 'b47269eaa21e70530cf5e206e0dfc009') in 0.0044011 seconds
Number of updated asset objects reloaded before import = 0Number of asset objects unloaded after import = 1

========================================================================
Received Import Request.
  Time since last request: 7.623437 seconds.
  path: Assets/GameMain/Fonts/simfang SDF.asset
  artifactKey: Guid(225f7d288055c9e47aeca9f390c7bd4d) Importer(2089858483,192608db42251d675da83286b1cce702)
Start importing Assets/GameMain/Fonts/simfang SDF.asset using Guid(225f7d288055c9e47aeca9f390c7bd4d) Importer(2089858483,192608db42251d675da83286b1cce702) (ScriptedImporter)Shader 'TextMeshPro/Distance Field': fallback shader 'TextMeshPro/Mobile/Distance Field' not found
 -> (artifact id: 'ba8534fc025af59654d5712cd87c3ff1') in 0.0610691 seconds
Number of updated asset objects reloaded before import = 0Number of asset objects unloaded after import = 4

========================================================================
Received Import Request.
  Time since last request: 2.975785 seconds.
  path: Assets/GameMain/Scenes/Main.unity
  artifactKey: Guid(943c304907294914da95dd142a050cfa) Importer(2089858483,192608db42251d675da83286b1cce702)
Start importing Assets/GameMain/Scenes/Main.unity using Guid(943c304907294914da95dd142a050cfa) Importer(2089858483,192608db42251d675da83286b1cce702) (ScriptedImporter) -> (artifact id: 'eace23de4eaf2d1e62781baf6573397c') in 0.0196238 seconds
Number of updated asset objects reloaded before import = 0Number of asset objects unloaded after import = 1

========================================================================
Received Import Request.
  Time since last request: 16.085032 seconds.
  path: Assets/GameMain/Fonts/simfang SDF.asset
  artifactKey: Guid(225f7d288055c9e47aeca9f390c7bd4d) Importer(2089858483,192608db42251d675da83286b1cce702)
Start importing Assets/GameMain/Fonts/simfang SDF.asset using Guid(225f7d288055c9e47aeca9f390c7bd4d) Importer(2089858483,192608db42251d675da83286b1cce702) (ScriptedImporter)Shader 'TextMeshPro/Distance Field': fallback shader 'TextMeshPro/Mobile/Distance Field' not found
 -> (artifact id: 'b254700cc0e3219070ba25d59d9d8c3d') in 0.0386126 seconds
Number of updated asset objects reloaded before import = 0Number of asset objects unloaded after import = 4

========================================================================
Received Import Request.
  Time since last request: 1.832976 seconds.
  path: Assets/GameMain/Fonts/simfang SDF.asset
  artifactKey: Guid(225f7d288055c9e47aeca9f390c7bd4d) Importer(815301076,1909f56bfc062723c751e8b465ee728b)
Start importing Assets/GameMain/Fonts/simfang SDF.asset using Guid(225f7d288055c9e47aeca9f390c7bd4d) Importer(815301076,1909f56bfc062723c751e8b465ee728b) (PreviewImporter)Shader 'TextMeshPro/Distance Field': fallback shader 'TextMeshPro/Mobile/Distance Field' not found
 -> (artifact id: 'fff2beccfe14e9fa5e4bbee63a020609') in 0.0785603 seconds
Number of updated asset objects reloaded before import = 0Number of asset objects unloaded after import = 5

========================================================================
Received Import Request.
  Time since last request: 19.890672 seconds.
  path: Assets/GameMain/Fonts/simfang SDF.asset
  artifactKey: Guid(225f7d288055c9e47aeca9f390c7bd4d) Importer(815301076,1909f56bfc062723c751e8b465ee728b)
Start importing Assets/GameMain/Fonts/simfang SDF.asset using Guid(225f7d288055c9e47aeca9f390c7bd4d) Importer(815301076,1909f56bfc062723c751e8b465ee728b) (PreviewImporter)Shader 'TextMeshPro/Distance Field': fallback shader 'TextMeshPro/Mobile/Distance Field' not found
 -> (artifact id: '8114b7ade8cdd332228a7a761eb1a34e') in 0.0359466 seconds
Number of updated asset objects reloaded before import = 0Number of asset objects unloaded after import = 5

========================================================================
Received Import Request.
  Time since last request: 0.873506 seconds.
  path: Assets/GameMain/Fonts/simfang SDF.asset
  artifactKey: Guid(225f7d288055c9e47aeca9f390c7bd4d) Importer(2089858483,192608db42251d675da83286b1cce702)
Start importing Assets/GameMain/Fonts/simfang SDF.asset using Guid(225f7d288055c9e47aeca9f390c7bd4d) Importer(2089858483,192608db42251d675da83286b1cce702) (ScriptedImporter)Shader 'TextMeshPro/Distance Field': fallback shader 'TextMeshPro/Mobile/Distance Field' not found
 -> (artifact id: '5bb65ec1247768175a3d1049a8a7d532') in 0.041417 seconds
Number of updated asset objects reloaded before import = 0Number of asset objects unloaded after import = 4

========================================================================
Received Prepare
Begin MonoManager ReloadAssembly
- Loaded All Assemblies, in  1.193 seconds
Refreshing native plugins compatible for Editor in 1.27 ms, found 1 plugins.
Native extension for WindowsStandalone target not found
Mono: successfully reloaded assembly
[Package Manager] Failed to launch server process. Reason: Unity was launched with the -noUpm command-line argument
[Package Manager] Unable to send message (not connected to server process).
[Package Manager] Cannot connect to Unity Package Manager local server
- Finished resetting the current domain, in  0.845 seconds
Domain Reload Profiling: 2042ms
	BeginReloadAssembly (402ms)
		ExecutionOrderSort (0ms)
		DisableScriptedObjects (39ms)
		BackupInstance (0ms)
		ReleaseScriptingObjects (1ms)
		CreateAndSetChildDomain (148ms)
	RebuildCommonClasses (36ms)
	RebuildNativeTypeToScriptingClass (13ms)
	initialDomainReloadingComplete (28ms)
	LoadAllAssembliesAndSetupDomain (717ms)
		LoadAssemblies (650ms)
		RebuildTransferFunctionScriptingTraits (0ms)
		AnalyzeDomain (207ms)
			TypeCache.Refresh (9ms)
				TypeCache.ScanAssembly (0ms)
			BuildScriptInfoCaches (179ms)
			ResolveRequiredComponents (15ms)
	FinalizeReload (846ms)
		ReleaseScriptCaches (0ms)
		RebuildScriptCaches (0ms)
		SetupLoadedEditorAssemblies (627ms)
			LogAssemblyErrors (0ms)
			InitializePlatformSupportModulesInManaged (2ms)
			SetLoadedEditorAssemblies (6ms)
			BeforeProcessingInitializeOnLoad (158ms)
			ProcessInitializeOnLoadAttributes (387ms)
			ProcessInitializeOnLoadMethodAttributes (65ms)
			AfterProcessingInitializeOnLoad (8ms)
			EditorAssembliesLoaded (1ms)
		ExecutionOrderSort2 (0ms)
		AwakeInstancesAfterBackupRestoration (14ms)
Refreshing native plugins compatible for Editor in 1.70 ms, found 1 plugins.
Preloading 0 native plugins for Editor in 0.00 ms.
Unloading 29 Unused Serialized files (Serialized files now loaded: 0)
Unloading 6236 unused Assets / (5.0 MB). Loaded Objects now: 6996.
Memory consumption went from 154.3 MB to 149.4 MB.
Total: 11.064900 ms (FindLiveObjects: 0.684800 ms CreateObjectMapping: 0.856200 ms MarkObjects: 6.013600 ms  DeleteObjects: 3.508300 ms)

Prepare: number of updated asset objects reloaded= 0
========================================================================
Received Import Request.
  Time since last request: 219.497838 seconds.
  path: Assets/GameMain/Fonts/simfang SDF.asset
  artifactKey: Guid(225f7d288055c9e47aeca9f390c7bd4d) Importer(815301076,1909f56bfc062723c751e8b465ee728b)
Start importing Assets/GameMain/Fonts/simfang SDF.asset using Guid(225f7d288055c9e47aeca9f390c7bd4d) Importer(815301076,1909f56bfc062723c751e8b465ee728b) (PreviewImporter) -> (artifact id: 'aa0db4e9aeea5be55f66b85c03ccf931') in 0.4522464 seconds
Number of updated asset objects reloaded before import = 0Number of asset objects unloaded after import = 6

========================================================================
Received Import Request.
  Time since last request: 254.024700 seconds.
  path: Assets/GameMain/UI/UISprites/Common/glass_wall_43_13_diffuse.jpg
  artifactKey: Guid(905f6a2c8465a934789dde897f67c785) Importer(815301076,1909f56bfc062723c751e8b465ee728b)
Start importing Assets/GameMain/UI/UISprites/Common/glass_wall_43_13_diffuse.jpg using Guid(905f6a2c8465a934789dde897f67c785) Importer(815301076,1909f56bfc062723c751e8b465ee728b) (PreviewImporter) -> (artifact id: '55ad6002816b554d689d466e02e51f3d') in 0.0124974 seconds
Number of updated asset objects reloaded before import = 0Number of asset objects unloaded after import = 2

========================================================================
Received Import Request.
  Time since last request: 658.673266 seconds.
  path: Assets/GameMain/UI/UISprites/Common/glass_wall_43_13_diffuse.jpg
  artifactKey: Guid(905f6a2c8465a934789dde897f67c785) Importer(815301076,1909f56bfc062723c751e8b465ee728b)
Start importing Assets/GameMain/UI/UISprites/Common/glass_wall_43_13_diffuse.jpg using Guid(905f6a2c8465a934789dde897f67c785) Importer(815301076,1909f56bfc062723c751e8b465ee728b) (PreviewImporter) -> (artifact id: 'eb4595bd0618ab7127255586406a0aa2') in 0.0465879 seconds
Number of updated asset objects reloaded before import = 0Number of asset objects unloaded after import = 3

========================================================================
Received Import Request.
  Time since last request: 422.056134 seconds.
  path: Assets/GameMain/UI/UISprites/Common/Glass_Blocks_001_ambientOcclusion.jpg
  artifactKey: Guid(6e149ba4b81600749b05f4ea57fd612a) Importer(815301076,1909f56bfc062723c751e8b465ee728b)
Start importing Assets/GameMain/UI/UISprites/Common/Glass_Blocks_001_ambientOcclusion.jpg using Guid(6e149ba4b81600749b05f4ea57fd612a) Importer(815301076,1909f56bfc062723c751e8b465ee728b) (PreviewImporter) -> (artifact id: 'd24896cf33d9a1031037f8d4a7995ad8') in 0.0087262 seconds
Number of updated asset objects reloaded before import = 0Number of asset objects unloaded after import = 2

========================================================================
Received Import Request.
  Time since last request: 63.220500 seconds.
  path: Assets/GameMain/UI/UISprites/Common/Glass_Blocks_001_normal.jpg
  artifactKey: Guid(5aaad476d119d1a49a0d6aedd3de608f) Importer(815301076,1909f56bfc062723c751e8b465ee728b)
Start importing Assets/GameMain/UI/UISprites/Common/Glass_Blocks_001_normal.jpg using Guid(5aaad476d119d1a49a0d6aedd3de608f) Importer(815301076,1909f56bfc062723c751e8b465ee728b) (PreviewImporter) -> (artifact id: '6bf9a49a4465c7b177325c7a248d21af') in 0.0075721 seconds
Number of updated asset objects reloaded before import = 0Number of asset objects unloaded after import = 2

========================================================================
Received Import Request.
  Time since last request: 3.175399 seconds.
  path: Assets/GameMain/UI/UISprites/Common/Glass_Blocks_001_roughness.jpg
  artifactKey: Guid(437c53619163b6e41be55ad5c0729b6e) Importer(815301076,1909f56bfc062723c751e8b465ee728b)
Start importing Assets/GameMain/UI/UISprites/Common/Glass_Blocks_001_roughness.jpg using Guid(437c53619163b6e41be55ad5c0729b6e) Importer(815301076,1909f56bfc062723c751e8b465ee728b) (PreviewImporter) -> (artifact id: '542516362f3162583ec354eb146375a6') in 0.0083957 seconds
Number of updated asset objects reloaded before import = 0Number of asset objects unloaded after import = 2

========================================================================
Received Import Request.
  Time since last request: 23.469671 seconds.
  path: Assets/GameMain/UI/UISprites/Common/Glass_Blocks_001_normal.jpg
  artifactKey: Guid(5aaad476d119d1a49a0d6aedd3de608f) Importer(815301076,1909f56bfc062723c751e8b465ee728b)
Start importing Assets/GameMain/UI/UISprites/Common/Glass_Blocks_001_normal.jpg using Guid(5aaad476d119d1a49a0d6aedd3de608f) Importer(815301076,1909f56bfc062723c751e8b465ee728b) (PreviewImporter) -> (artifact id: '2a6b15cd655871443748e14a1f5f3391') in 0.0124052 seconds
Number of updated asset objects reloaded before import = 0Number of asset objects unloaded after import = 2

========================================================================
Received Import Request.
  Time since last request: 190.061706 seconds.
  path: Assets/TextMesh Pro/Sprites/EmojiOne.png
  artifactKey: Guid(dffef66376be4fa480fb02b19edbe903) Importer(815301076,1909f56bfc062723c751e8b465ee728b)
Start importing Assets/TextMesh Pro/Sprites/EmojiOne.png using Guid(dffef66376be4fa480fb02b19edbe903) Importer(815301076,1909f56bfc062723c751e8b465ee728b) (PreviewImporter) -> (artifact id: '93b7f62e36c41ea68cbd1cdbd84f119c') in 0.0089614 seconds
Number of updated asset objects reloaded before import = 0Number of asset objects unloaded after import = 2

========================================================================
Received Import Request.
  Time since last request: 0.000024 seconds.
  path: Assets/GameMain/UI/UISprites/Common/Glass_Blocks_001_Glass.jpg
  artifactKey: Guid(3544bc774d8f31c4899e341e8e46e4b4) Importer(815301076,1909f56bfc062723c751e8b465ee728b)
Start importing Assets/GameMain/UI/UISprites/Common/Glass_Blocks_001_Glass.jpg using Guid(3544bc774d8f31c4899e341e8e46e4b4) Importer(815301076,1909f56bfc062723c751e8b465ee728b) (PreviewImporter) -> (artifact id: '38d793943915292a6c5aa7eb7d451cf4') in 0.0100793 seconds
Number of updated asset objects reloaded before import = 0Number of asset objects unloaded after import = 2

========================================================================
Received Import Request.
  Time since last request: 0.000023 seconds.
  path: Assets/GameMain/UI/UISprites/Common/Glass_Blocks_001_height.png
  artifactKey: Guid(d4ae464f62c8e1646bca46aeb4babd60) Importer(815301076,1909f56bfc062723c751e8b465ee728b)
Start importing Assets/GameMain/UI/UISprites/Common/Glass_Blocks_001_height.png using Guid(d4ae464f62c8e1646bca46aeb4babd60) Importer(815301076,1909f56bfc062723c751e8b465ee728b) (PreviewImporter) -> (artifact id: '69d46fb934ef0cd6d3543b2cb39898e4') in 0.0081163 seconds
Number of updated asset objects reloaded before import = 0Number of asset objects unloaded after import = 2

