Using pre-set license
Built from '6000.0/release' branch; Version is '6000.0.29f1 (9fafe5c9db65) revision 10465253'; Using compiler version '193933523'; Build Type 'Release'
OS: 'Windows 11  (10.0.22631) 64bit Professional' Language: 'ja' Physical Memory: 32509 MB
BatchMode: 1, IsHumanControllingUs: 0, StartBugReporterOnCrash: 0, Is64bit: 1, IsPro: 1

COMMAND LINE ARGUMENTS:
C:\Program Files\Unity\Hub\Editor\6000.0.29f1\Editor\Unity.exe
-adb2
-batchMode
-noUpm
-name
AssetImportWorker2
-projectPath
F:/adv
-logFile
Logs/AssetImportWorker2.log
-srvPort
49411
-job-worker-count
5
-background-job-worker-count
8
-asset-garbage-collectors
1
Successfully changed project path to: F:/adv
F:/adv
[UnityMemory] Configuration Parameters - Can be set up in boot.config
    "memorysetup-bucket-allocator-granularity=16"
    "memorysetup-bucket-allocator-bucket-count=8"
    "memorysetup-bucket-allocator-block-size=33554432"
    "memorysetup-bucket-allocator-block-count=8"
    "memorysetup-main-allocator-block-size=16777216"
    "memorysetup-thread-allocator-block-size=16777216"
    "memorysetup-gfx-main-allocator-block-size=16777216"
    "memorysetup-gfx-thread-allocator-block-size=16777216"
    "memorysetup-cache-allocator-block-size=4194304"
    "memorysetup-typetree-allocator-block-size=2097152"
    "memorysetup-profiler-bucket-allocator-granularity=16"
    "memorysetup-profiler-bucket-allocator-bucket-count=8"
    "memorysetup-profiler-bucket-allocator-block-size=33554432"
    "memorysetup-profiler-bucket-allocator-block-count=8"
    "memorysetup-profiler-allocator-block-size=16777216"
    "memorysetup-profiler-editor-allocator-block-size=1048576"
    "memorysetup-temp-allocator-size-main=16777216"
    "memorysetup-job-temp-allocator-block-size=2097152"
    "memorysetup-job-temp-allocator-block-size-background=1048576"
    "memorysetup-job-temp-allocator-reduction-small-platforms=262144"
    "memorysetup-allocator-temp-initial-block-size-main=262144"
    "memorysetup-allocator-temp-initial-block-size-worker=262144"
    "memorysetup-temp-allocator-size-background-worker=32768"
    "memorysetup-temp-allocator-size-job-worker=262144"
    "memorysetup-temp-allocator-size-preload-manager=33554432"
    "memorysetup-temp-allocator-size-nav-mesh-worker=65536"
    "memorysetup-temp-allocator-size-audio-worker=65536"
    "memorysetup-temp-allocator-size-cloud-worker=32768"
    "memorysetup-temp-allocator-size-gi-baking-worker=262144"
    "memorysetup-temp-allocator-size-gi-baking-worker=262144"
    "memorysetup-temp-allocator-size-gi-baking-worker=262144"
    "memorysetup-temp-allocator-size-gi-baking-worker=262144"
    "memorysetup-temp-allocator-size-gi-baking-worker=262144"
    "memorysetup-temp-allocator-size-gfx=262144"
Player connection [32052]  Target information:

Player connection [32052]  * "[IP] 172.18.4.155 [Port] 0 [Flags] 2 [Guid] 2348912643 [EditorId] 2348912643 [Version] 1048832 [Id] WindowsEditor(7,45-022-WD) [Debug] 1 [PackageName] WindowsEditor [ProjectName] Editor" 

Player connection [32052] Host joined multi-casting on [225.0.0.222:54997]...
Player connection [32052] Host joined alternative multi-casting on [225.0.0.222:34997]...
JobSystem: Creating JobQueue using job-worker-count value 5
[Physics::Module] Initialized fallback backend.
[Physics::Module] Id: 0xdecafbad
Library Redirect Path: Library/
[Physics::Module] Selected backend.
[Physics::Module] Name: PhysX
[Physics::Module] Id: 0xf2b8ea05
[Physics::Module] SDK Version: 4.1.2
[Physics::Module] Integration Version: 1.0.0
[Physics::Module] Threading Mode: Multi-Threaded
Refreshing native plugins compatible for Editor in 1.98 ms, found 1 plugins.
Preloading 0 native plugins for Editor in 0.00 ms.
Initialize engine version: 6000.0.29f1 (9fafe5c9db65)
[Subsystems] Discovering subsystems at path C:/Program Files/Unity/Hub/Editor/6000.0.29f1/Editor/Data/Resources/UnitySubsystems
[Subsystems] Discovering subsystems at path F:/adv/Assets
GfxDevice: creating device client; kGfxThreadingModeNonThreaded
Direct3D:
    Version:  Direct3D 11.0 [level 11.1]
    Renderer: NVIDIA GeForce GTX 1660 SUPER (ID=0x21c4)
    Vendor:   NVIDIA
    VRAM:     5966 MB
    Driver:   32.0.15.6094
Initialize mono
Mono path[0] = 'C:/Program Files/Unity/Hub/Editor/6000.0.29f1/Editor/Data/Managed'
Mono path[1] = 'C:/Program Files/Unity/Hub/Editor/6000.0.29f1/Editor/Data/MonoBleedingEdge/lib/mono/unityjit-win32'
Mono config path = 'C:/Program Files/Unity/Hub/Editor/6000.0.29f1/Editor/Data/MonoBleedingEdge/etc'
Using monoOptions --debugger-agent=transport=dt_socket,embedding=1,server=y,suspend=n,address=127.0.0.1:56332
Begin MonoManager ReloadAssembly
Registering precompiled unity dll's ...
Register platform support module: C:/Program Files/Unity/Hub/Editor/6000.0.29f1/Editor/Data/PlaybackEngines/WindowsStandaloneSupport/UnityEditor.WindowsStandalone.Extensions.dll
Registered in 0.003248 seconds.
- Loaded All Assemblies, in  0.339 seconds
Native extension for WindowsStandalone target not found
Mono: successfully reloaded assembly
- Finished resetting the current domain, in  0.314 seconds
Domain Reload Profiling: 651ms
	BeginReloadAssembly (115ms)
		ExecutionOrderSort (0ms)
		DisableScriptedObjects (0ms)
		BackupInstance (0ms)
		ReleaseScriptingObjects (0ms)
		CreateAndSetChildDomain (1ms)
	RebuildCommonClasses (31ms)
	RebuildNativeTypeToScriptingClass (9ms)
	initialDomainReloadingComplete (40ms)
	LoadAllAssembliesAndSetupDomain (143ms)
		LoadAssemblies (112ms)
		RebuildTransferFunctionScriptingTraits (0ms)
		AnalyzeDomain (140ms)
			TypeCache.Refresh (139ms)
				TypeCache.ScanAssembly (129ms)
			BuildScriptInfoCaches (0ms)
			ResolveRequiredComponents (1ms)
	FinalizeReload (314ms)
		ReleaseScriptCaches (0ms)
		RebuildScriptCaches (0ms)
		SetupLoadedEditorAssemblies (270ms)
			LogAssemblyErrors (0ms)
			InitializePlatformSupportModulesInManaged (27ms)
			SetLoadedEditorAssemblies (5ms)
			BeforeProcessingInitializeOnLoad (7ms)
			ProcessInitializeOnLoadAttributes (171ms)
			ProcessInitializeOnLoadMethodAttributes (57ms)
			AfterProcessingInitializeOnLoad (2ms)
			EditorAssembliesLoaded (0ms)
		ExecutionOrderSort2 (0ms)
		AwakeInstancesAfterBackupRestoration (0ms)
========================================================================
Worker process is ready to serve import requests
Import Worker Mode flag is 0x00
Begin MonoManager ReloadAssembly
- Loaded All Assemblies, in  0.636 seconds
Refreshing native plugins compatible for Editor in 1.04 ms, found 1 plugins.
Native extension for WindowsStandalone target not found
Mono: successfully reloaded assembly
Package Manager log level set to [2]
[Package Manager] Failed to launch server process. Reason: Unity was launched with the -noUpm command-line argument
[Package Manager] Unable to send message (not connected to server process).
[Package Manager] Cannot connect to Unity Package Manager local server
[Package Manager] Failed to launch server process. Reason: Unity was launched with the -noUpm command-line argument
[Package Manager] Unable to send message (not connected to server process).
[Package Manager] Cannot connect to Unity Package Manager local server
- Finished resetting the current domain, in  0.568 seconds
Domain Reload Profiling: 1202ms
	BeginReloadAssembly (143ms)
		ExecutionOrderSort (0ms)
		DisableScriptedObjects (4ms)
		BackupInstance (0ms)
		ReleaseScriptingObjects (0ms)
		CreateAndSetChildDomain (23ms)
	RebuildCommonClasses (33ms)
	RebuildNativeTypeToScriptingClass (9ms)
	initialDomainReloadingComplete (30ms)
	LoadAllAssembliesAndSetupDomain (418ms)
		LoadAssemblies (295ms)
		RebuildTransferFunctionScriptingTraits (0ms)
		AnalyzeDomain (211ms)
			TypeCache.Refresh (144ms)
				TypeCache.ScanAssembly (133ms)
			BuildScriptInfoCaches (46ms)
			ResolveRequiredComponents (18ms)
	FinalizeReload (568ms)
		ReleaseScriptCaches (0ms)
		RebuildScriptCaches (0ms)
		SetupLoadedEditorAssemblies (455ms)
			LogAssemblyErrors (0ms)
			InitializePlatformSupportModulesInManaged (2ms)
			SetLoadedEditorAssemblies (5ms)
			BeforeProcessingInitializeOnLoad (108ms)
			ProcessInitializeOnLoadAttributes (278ms)
			ProcessInitializeOnLoadMethodAttributes (54ms)
			AfterProcessingInitializeOnLoad (7ms)
			EditorAssembliesLoaded (0ms)
		ExecutionOrderSort2 (0ms)
		AwakeInstancesAfterBackupRestoration (4ms)
Launched and connected shader compiler UnityShaderCompiler.exe after 0.01 seconds
Refreshing native plugins compatible for Editor in 2.02 ms, found 1 plugins.
Preloading 0 native plugins for Editor in 0.00 ms.
Unloading 138 Unused Serialized files (Serialized files now loaded: 0)
Unloading 6244 unused Assets / (5.6 MB). Loaded Objects now: 6802.
Memory consumption went from 153.4 MB to 147.8 MB.
Total: 9.074500 ms (FindLiveObjects: 0.653000 ms CreateObjectMapping: 0.718800 ms MarkObjects: 4.987900 ms  DeleteObjects: 2.713400 ms)

========================================================================
Received Import Request.
  Time since last request: 911122.424958 seconds.
  path: Assets/Plugins/Pixel Crushers/Dialogue System/Prefabs/Art/Textures/Sci-fi/Dialog_stripes.png
  artifactKey: Guid(8308d051e8be0b947bea843adc79c6d1) Importer(815301076,1909f56bfc062723c751e8b465ee728b)
Start importing Assets/Plugins/Pixel Crushers/Dialogue System/Prefabs/Art/Textures/Sci-fi/Dialog_stripes.png using Guid(8308d051e8be0b947bea843adc79c6d1) Importer(815301076,1909f56bfc062723c751e8b465ee728b) (PreviewImporter) -> (artifact id: 'fced41e02e37b1e6eddd9b0f587bd91d') in 0.3049967 seconds
Number of updated asset objects reloaded before import = 0Number of asset objects unloaded after import = 3

========================================================================
Received Import Request.
  Time since last request: 0.000020 seconds.
  path: Assets/Plugins/Pixel Crushers/Dialogue System/Prefabs/Art/Textures/Wheel/header_splice.png
  artifactKey: Guid(d7ba33f6180e243448f102d3a55d22fb) Importer(815301076,1909f56bfc062723c751e8b465ee728b)
Start importing Assets/Plugins/Pixel Crushers/Dialogue System/Prefabs/Art/Textures/Wheel/header_splice.png using Guid(d7ba33f6180e243448f102d3a55d22fb) Importer(815301076,1909f56bfc062723c751e8b465ee728b) (PreviewImporter) -> (artifact id: '2b3e409e27a8127ae4cf87b18cf9f677') in 0.0362997 seconds
Number of updated asset objects reloaded before import = 0Number of asset objects unloaded after import = 3

========================================================================
Received Import Request.
  Time since last request: 0.000023 seconds.
  path: Assets/Plugins/Pixel Crushers/Dialogue System/Prefabs/Art/Textures/Wheel/dialogue_system_ring.png
  artifactKey: Guid(ba6d721237ede92468b28e6b3e5f4933) Importer(815301076,1909f56bfc062723c751e8b465ee728b)
Start importing Assets/Plugins/Pixel Crushers/Dialogue System/Prefabs/Art/Textures/Wheel/dialogue_system_ring.png using Guid(ba6d721237ede92468b28e6b3e5f4933) Importer(815301076,1909f56bfc062723c751e8b465ee728b) (PreviewImporter) -> (artifact id: '9e0db79d2c2b789365900455ba28b205') in 0.0311875 seconds
Number of updated asset objects reloaded before import = 0Number of asset objects unloaded after import = 3

========================================================================
Received Import Request.
  Time since last request: 0.164642 seconds.
  path: Assets/Plugins/Pixel Crushers/Dialogue System/Prefabs/Art/Textures/Mobile/Button_3x1.png
  artifactKey: Guid(c15ba1dcb835b28498cc6239dc893a2e) Importer(815301076,1909f56bfc062723c751e8b465ee728b)
Start importing Assets/Plugins/Pixel Crushers/Dialogue System/Prefabs/Art/Textures/Mobile/Button_3x1.png using Guid(c15ba1dcb835b28498cc6239dc893a2e) Importer(815301076,1909f56bfc062723c751e8b465ee728b) (PreviewImporter) -> (artifact id: 'd3510de83e6ea5b266bca95b6570265f') in 0.104489 seconds
Number of updated asset objects reloaded before import = 0Number of asset objects unloaded after import = 5

========================================================================
Received Import Request.
  Time since last request: 0.000045 seconds.
  path: Assets/Plugins/Pixel Crushers/Dialogue System/Prefabs/Art/Textures/Circle/Circle Button.png
  artifactKey: Guid(f61c7c83e8568ae40874cb15b727ea65) Importer(815301076,1909f56bfc062723c751e8b465ee728b)
Start importing Assets/Plugins/Pixel Crushers/Dialogue System/Prefabs/Art/Textures/Circle/Circle Button.png using Guid(f61c7c83e8568ae40874cb15b727ea65) Importer(815301076,1909f56bfc062723c751e8b465ee728b) (PreviewImporter) -> (artifact id: 'e918e1ced37993396d00eecb0c25d745') in 0.0266088 seconds
Number of updated asset objects reloaded before import = 0Number of asset objects unloaded after import = 3

========================================================================
Received Import Request.
  Time since last request: 34.424216 seconds.
  path: Assets/Plugins/Pixel Crushers/Dialogue System/Prefabs/Art/Textures/Wheel/btn_hover_splice.png
  artifactKey: Guid(4f82e85a6dad7a4419b8c2a63f81739d) Importer(815301076,1909f56bfc062723c751e8b465ee728b)
Start importing Assets/Plugins/Pixel Crushers/Dialogue System/Prefabs/Art/Textures/Wheel/btn_hover_splice.png using Guid(4f82e85a6dad7a4419b8c2a63f81739d) Importer(815301076,1909f56bfc062723c751e8b465ee728b) (PreviewImporter) -> (artifact id: '740b197807a5e7bdec9d6971e23281f5') in 0.0577404 seconds
Number of updated asset objects reloaded before import = 0Number of asset objects unloaded after import = 3

========================================================================
Received Import Request.
  Time since last request: 0.000016 seconds.
  path: Assets/Plugins/Pixel Crushers/Dialogue System/Prefabs/Art/Textures/UnityUI/Button - Trimmed.psd
  artifactKey: Guid(522f0b9508ec7c54aaf42647ef91b918) Importer(815301076,1909f56bfc062723c751e8b465ee728b)
Start importing Assets/Plugins/Pixel Crushers/Dialogue System/Prefabs/Art/Textures/UnityUI/Button - Trimmed.psd using Guid(522f0b9508ec7c54aaf42647ef91b918) Importer(815301076,1909f56bfc062723c751e8b465ee728b) (PreviewImporter) -> (artifact id: '74d08ade5d9f6db8e9d4f7e57b4e58e4') in 0.0691175 seconds
Number of updated asset objects reloaded before import = 0Number of asset objects unloaded after import = 3

========================================================================
Received Import Request.
  Time since last request: 4.243138 seconds.
  path: Assets/Plugins/Pixel Crushers/Dialogue System/Prefabs/Art/Textures/Wheel/btn4_normal.png
  artifactKey: Guid(12bc9c02daa84f14b980f881d2bf864b) Importer(815301076,1909f56bfc062723c751e8b465ee728b)
Start importing Assets/Plugins/Pixel Crushers/Dialogue System/Prefabs/Art/Textures/Wheel/btn4_normal.png using Guid(12bc9c02daa84f14b980f881d2bf864b) Importer(815301076,1909f56bfc062723c751e8b465ee728b) (PreviewImporter) -> (artifact id: '4e38d62dc228f70958d90e69d24a0b53') in 0.0786674 seconds
Number of updated asset objects reloaded before import = 0Number of asset objects unloaded after import = 3

========================================================================
Received Import Request.
  Time since last request: 0.000014 seconds.
  path: Assets/Plugins/Pixel Crushers/Dialogue System/Prefabs/Art/Textures/Wheel/btn5_pressed.png
  artifactKey: Guid(0bb8c8bd5e2dd7d4e9478eff46948a8b) Importer(815301076,1909f56bfc062723c751e8b465ee728b)
Start importing Assets/Plugins/Pixel Crushers/Dialogue System/Prefabs/Art/Textures/Wheel/btn5_pressed.png using Guid(0bb8c8bd5e2dd7d4e9478eff46948a8b) Importer(815301076,1909f56bfc062723c751e8b465ee728b) (PreviewImporter) -> (artifact id: '76d21e10b7390fb69c0cb221f5c19d7a') in 0.0463132 seconds
Number of updated asset objects reloaded before import = 0Number of asset objects unloaded after import = 3

========================================================================
Received Import Request.
  Time since last request: 0.000032 seconds.
  path: Assets/Plugins/Pixel Crushers/Dialogue System/Prefabs/Art/Textures/Wheel/btn6_normal.png
  artifactKey: Guid(dd04b2931b2d1114aab1360bfee69ea4) Importer(815301076,1909f56bfc062723c751e8b465ee728b)
Start importing Assets/Plugins/Pixel Crushers/Dialogue System/Prefabs/Art/Textures/Wheel/btn6_normal.png using Guid(dd04b2931b2d1114aab1360bfee69ea4) Importer(815301076,1909f56bfc062723c751e8b465ee728b) (PreviewImporter) -> (artifact id: 'e5c269d89a8ed6d9f1312ccc211b7247') in 0.0116745 seconds
Number of updated asset objects reloaded before import = 0Number of asset objects unloaded after import = 3

========================================================================
Received Import Request.
  Time since last request: 0.103087 seconds.
  path: Assets/Plugins/Pixel Crushers/Dialogue System/Prefabs/Art/Textures/Wheel/border_splice.png
  artifactKey: Guid(3d3b4b1d32565c944b0452176b513899) Importer(815301076,1909f56bfc062723c751e8b465ee728b)
Start importing Assets/Plugins/Pixel Crushers/Dialogue System/Prefabs/Art/Textures/Wheel/border_splice.png using Guid(3d3b4b1d32565c944b0452176b513899) Importer(815301076,1909f56bfc062723c751e8b465ee728b) (PreviewImporter) -> (artifact id: '850e794084a208cfc9d308a5ec4e1752') in 0.1706575 seconds
Number of updated asset objects reloaded before import = 0Number of asset objects unloaded after import = 3

========================================================================
Received Import Request.
  Time since last request: 0.000021 seconds.
  path: Assets/Plugins/Pixel Crushers/Dialogue System/Prefabs/Art/Textures/Wheel/btn1_pressed.png
  artifactKey: Guid(afe564cd16103044697441a95757b74d) Importer(815301076,1909f56bfc062723c751e8b465ee728b)
Start importing Assets/Plugins/Pixel Crushers/Dialogue System/Prefabs/Art/Textures/Wheel/btn1_pressed.png using Guid(afe564cd16103044697441a95757b74d) Importer(815301076,1909f56bfc062723c751e8b465ee728b) (PreviewImporter) -> (artifact id: '7eecbdb224766e67e04abd5082f9e4ea') in 0.0694908 seconds
Number of updated asset objects reloaded before import = 0Number of asset objects unloaded after import = 3

========================================================================
Received Import Request.
  Time since last request: 0.000052 seconds.
  path: Assets/Plugins/Pixel Crushers/Dialogue System/Prefabs/Art/Textures/Wheel/btn3_normal.png
  artifactKey: Guid(5e39d47e95de4d4489c51fdb5c19674c) Importer(815301076,1909f56bfc062723c751e8b465ee728b)
Start importing Assets/Plugins/Pixel Crushers/Dialogue System/Prefabs/Art/Textures/Wheel/btn3_normal.png using Guid(5e39d47e95de4d4489c51fdb5c19674c) Importer(815301076,1909f56bfc062723c751e8b465ee728b) (PreviewImporter) -> (artifact id: '9fedcdaa90539e886fa94dc3cd906d2d') in 0.0202113 seconds
Number of updated asset objects reloaded before import = 0Number of asset objects unloaded after import = 3

========================================================================
Received Import Request.
  Time since last request: 0.000102 seconds.
  path: Assets/Plugins/Pixel Crushers/Dialogue System/Prefabs/Art/Textures/Wheel/btn2_normal.png
  artifactKey: Guid(2048119537defaa45a5f7ef29ff78275) Importer(815301076,1909f56bfc062723c751e8b465ee728b)
Start importing Assets/Plugins/Pixel Crushers/Dialogue System/Prefabs/Art/Textures/Wheel/btn2_normal.png using Guid(2048119537defaa45a5f7ef29ff78275) Importer(815301076,1909f56bfc062723c751e8b465ee728b) (PreviewImporter) -> (artifact id: '32a4a283f7236bbaf786160f839538df') in 0.0100455 seconds
Number of updated asset objects reloaded before import = 0Number of asset objects unloaded after import = 3

========================================================================
Received Import Request.
  Time since last request: 230.079942 seconds.
  path: Assets/Plugins/Pixel Crushers
  artifactKey: Guid(e548d83123d220b4ca31fa7813b93169) Importer(815301076,1909f56bfc062723c751e8b465ee728b)
Start importing Assets/Plugins/Pixel Crushers using Guid(e548d83123d220b4ca31fa7813b93169) Importer(815301076,1909f56bfc062723c751e8b465ee728b) (PreviewImporter) -> (artifact id: 'd1d3554d3a5c1b2a3b65529b66a8dd88') in 0.0006505 seconds
Number of updated asset objects reloaded before import = 0Number of asset objects unloaded after import = 0

========================================================================
Received Import Request.
  Time since last request: 0.780797 seconds.
  path: Assets/Plugins
  artifactKey: Guid(806d00e8fc0d78a4dacb2ef19e005d8c) Importer(815301076,1909f56bfc062723c751e8b465ee728b)
Start importing Assets/Plugins using Guid(806d00e8fc0d78a4dacb2ef19e005d8c) Importer(815301076,1909f56bfc062723c751e8b465ee728b) (PreviewImporter) -> (artifact id: '7a102c79c26ea2f747ac495ce971a341') in 0.0011584 seconds
Number of updated asset objects reloaded before import = 0Number of asset objects unloaded after import = 0

========================================================================
Received Import Request.
  Time since last request: 47.709035 seconds.
  path: Assets/Plugins/Unity-URP-ScreenSpaceRefraction/Mesh/Crystal/textures/lambert1_albedo.jpg
  artifactKey: Guid(ac52994bb2775e34a840d54d94b46ad7) Importer(815301076,1909f56bfc062723c751e8b465ee728b)
Start importing Assets/Plugins/Unity-URP-ScreenSpaceRefraction/Mesh/Crystal/textures/lambert1_albedo.jpg using Guid(ac52994bb2775e34a840d54d94b46ad7) Importer(815301076,1909f56bfc062723c751e8b465ee728b) (PreviewImporter) -> (artifact id: 'b297901a1edfb965be7a768916e5f728') in 0.0169655 seconds
Number of updated asset objects reloaded before import = 0Number of asset objects unloaded after import = 2

========================================================================
Received Import Request.
  Time since last request: 0.000022 seconds.
  path: Assets/Plugins/Unity-URP-ScreenSpaceRefraction/Mesh/Crystal/textures/lambert1_roughness.jpg
  artifactKey: Guid(913eebf1f54402845af4b93918f6c782) Importer(815301076,1909f56bfc062723c751e8b465ee728b)
Start importing Assets/Plugins/Unity-URP-ScreenSpaceRefraction/Mesh/Crystal/textures/lambert1_roughness.jpg using Guid(913eebf1f54402845af4b93918f6c782) Importer(815301076,1909f56bfc062723c751e8b465ee728b) (PreviewImporter) -> (artifact id: '00acfdb6c7ad58fb27ad0cde5c4257d6') in 0.0160077 seconds
Number of updated asset objects reloaded before import = 0Number of asset objects unloaded after import = 2

========================================================================
Received Import Request.
  Time since last request: 0.000035 seconds.
  path: Assets/Plugins/Unity-URP-ScreenSpaceRefraction/Mesh/Crystal/textures/lambert1_AO.jpg
  artifactKey: Guid(1f55aad100d649d42b0bf85d1aaae722) Importer(815301076,1909f56bfc062723c751e8b465ee728b)
Start importing Assets/Plugins/Unity-URP-ScreenSpaceRefraction/Mesh/Crystal/textures/lambert1_AO.jpg using Guid(1f55aad100d649d42b0bf85d1aaae722) Importer(815301076,1909f56bfc062723c751e8b465ee728b) (PreviewImporter) -> (artifact id: '811b912a006bf8af06299278a34af646') in 0.0276167 seconds
Number of updated asset objects reloaded before import = 0Number of asset objects unloaded after import = 2

========================================================================
Received Import Request.
  Time since last request: 100.611229 seconds.
  path: Assets/DefaultVolumeProfile.asset
  artifactKey: Guid(126c2d69751e17f4a97aa6bec60416dd) Importer(815301076,1909f56bfc062723c751e8b465ee728b)
Start importing Assets/DefaultVolumeProfile.asset using Guid(126c2d69751e17f4a97aa6bec60416dd) Importer(815301076,1909f56bfc062723c751e8b465ee728b) (PreviewImporter) -> (artifact id: '1b759487b69f378f3c6909f4fc6ec265') in 0.002618 seconds
Number of updated asset objects reloaded before import = 0Number of asset objects unloaded after import = 1

========================================================================
Received Import Request.
  Time since last request: 15.012147 seconds.
  path: Assets/UniversalRenderPipelineGlobalSettings.asset
  artifactKey: Guid(76057f6e43c918d489ad676de2a91840) Importer(815301076,1909f56bfc062723c751e8b465ee728b)
Start importing Assets/UniversalRenderPipelineGlobalSettings.asset using Guid(76057f6e43c918d489ad676de2a91840) Importer(815301076,1909f56bfc062723c751e8b465ee728b) (PreviewImporter) -> (artifact id: 'c94449d967ad4514937426941987bbe0') in 0.0300082 seconds
Number of updated asset objects reloaded before import = 0Number of asset objects unloaded after import = 45

========================================================================
Received Import Request.
  Time since last request: 136.928760 seconds.
  path: Assets/New Universal Render Pipeline Asset.asset
  artifactKey: Guid(98701df796be2b94b8592e7d615d6fb7) Importer(815301076,1909f56bfc062723c751e8b465ee728b)
Start importing Assets/New Universal Render Pipeline Asset.asset using Guid(98701df796be2b94b8592e7d615d6fb7) Importer(815301076,1909f56bfc062723c751e8b465ee728b) (PreviewImporter) -> (artifact id: '4bcac4c9835ce3967614e27aa97b8c94') in 0.0170741 seconds
Number of updated asset objects reloaded before import = 0Number of asset objects unloaded after import = 50

========================================================================
Received Import Request.
  Time since last request: 5.543036 seconds.
  path: Assets/New Universal Render Pipeline Asset_Renderer.asset
  artifactKey: Guid(e26063142786387498d22132f4d02e61) Importer(815301076,1909f56bfc062723c751e8b465ee728b)
Start importing Assets/New Universal Render Pipeline Asset_Renderer.asset using Guid(e26063142786387498d22132f4d02e61) Importer(815301076,1909f56bfc062723c751e8b465ee728b) (PreviewImporter) -> (artifact id: '69277503131ce4c40bfc98b09ce412ab') in 0.0087528 seconds
Number of updated asset objects reloaded before import = 0Number of asset objects unloaded after import = 47

========================================================================
Received Import Request.
  Time since last request: 146.485586 seconds.
  path: Assets/Render
  artifactKey: Guid(28545d21b0c3c0c489e12f3d0b7cb25e) Importer(815301076,1909f56bfc062723c751e8b465ee728b)
Start importing Assets/Render using Guid(28545d21b0c3c0c489e12f3d0b7cb25e) Importer(815301076,1909f56bfc062723c751e8b465ee728b) (PreviewImporter) -> (artifact id: '62609344f8d4f5b0ea79829331680156') in 0.001369 seconds
Number of updated asset objects reloaded before import = 0Number of asset objects unloaded after import = 0

========================================================================
Received Import Request.
  Time since last request: 34.569177 seconds.
  path: Assets/Render/New Universal Render Pipeline Asset.asset
  artifactKey: Guid(0c3771858962d214592fb34b7b3b5728) Importer(815301076,1909f56bfc062723c751e8b465ee728b)
Start importing Assets/Render/New Universal Render Pipeline Asset.asset using Guid(0c3771858962d214592fb34b7b3b5728) Importer(815301076,1909f56bfc062723c751e8b465ee728b) (PreviewImporter) -> (artifact id: '8b6bd732cdb04b4c3197843180157023') in 0.0084955 seconds
Number of updated asset objects reloaded before import = 0Number of asset objects unloaded after import = 50

========================================================================
Received Import Request.
  Time since last request: 10.813050 seconds.
  path: Assets/Render/urp.asset
  artifactKey: Guid(0c3771858962d214592fb34b7b3b5728) Importer(815301076,1909f56bfc062723c751e8b465ee728b)
Start importing Assets/Render/urp.asset using Guid(0c3771858962d214592fb34b7b3b5728) Importer(815301076,1909f56bfc062723c751e8b465ee728b) (PreviewImporter) -> (artifact id: '62659944f7a3aa19bbb6e57f0c243933') in 0.0117199 seconds
Number of updated asset objects reloaded before import = 0Number of asset objects unloaded after import = 50

========================================================================
Received Import Request.
  Time since last request: 0.917858 seconds.
  path: Assets/Render/New Universal Render Pipeline Asset_Renderer.asset
  artifactKey: Guid(882367d24471cf04fa55454c08aedf01) Importer(815301076,1909f56bfc062723c751e8b465ee728b)
Start importing Assets/Render/New Universal Render Pipeline Asset_Renderer.asset using Guid(882367d24471cf04fa55454c08aedf01) Importer(815301076,1909f56bfc062723c751e8b465ee728b) (PreviewImporter) -> (artifact id: '96927ebd343895e532a1aa888e1e6bd9') in 0.0073782 seconds
Number of updated asset objects reloaded before import = 0Number of asset objects unloaded after import = 47

========================================================================
Received Import Request.
  Time since last request: 7.142866 seconds.
  path: Assets/Render/urprender.asset
  artifactKey: Guid(882367d24471cf04fa55454c08aedf01) Importer(815301076,1909f56bfc062723c751e8b465ee728b)
Start importing Assets/Render/urprender.asset using Guid(882367d24471cf04fa55454c08aedf01) Importer(815301076,1909f56bfc062723c751e8b465ee728b) (PreviewImporter) -> (artifact id: '3b1d5c590f7c3370b6e8e850c34b5bed') in 0.0076375 seconds
Number of updated asset objects reloaded before import = 0Number of asset objects unloaded after import = 47

========================================================================
Received Import Request.
  Time since last request: 9.944197 seconds.
  path: Assets/Render/urprenderdata.asset
  artifactKey: Guid(882367d24471cf04fa55454c08aedf01) Importer(815301076,1909f56bfc062723c751e8b465ee728b)
Start importing Assets/Render/urprenderdata.asset using Guid(882367d24471cf04fa55454c08aedf01) Importer(815301076,1909f56bfc062723c751e8b465ee728b) (PreviewImporter) -> (artifact id: 'b5fb3a63fdb146c45e44ebab02c2be5d') in 0.0072616 seconds
Number of updated asset objects reloaded before import = 0Number of asset objects unloaded after import = 47

========================================================================
Received Import Request.
  Time since last request: 2.611646 seconds.
  path: Assets/Render/urprender.asset
  artifactKey: Guid(0c3771858962d214592fb34b7b3b5728) Importer(815301076,1909f56bfc062723c751e8b465ee728b)
Start importing Assets/Render/urprender.asset using Guid(0c3771858962d214592fb34b7b3b5728) Importer(815301076,1909f56bfc062723c751e8b465ee728b) (PreviewImporter) -> (artifact id: '5ddc74e89e055db159069bf665a8c161') in 0.0070464 seconds
Number of updated asset objects reloaded before import = 0Number of asset objects unloaded after import = 50

========================================================================
Received Import Request.
  Time since last request: 107.946193 seconds.
  path: Packages/com.unity.render-pipelines.universal/Runtime/Data/UniversalRenderPipelineAsset.cs
  artifactKey: Guid(bf2edee5c58d82540a51f03df9d42094) Importer(815301076,1909f56bfc062723c751e8b465ee728b)
Start importing Packages/com.unity.render-pipelines.universal/Runtime/Data/UniversalRenderPipelineAsset.cs using Guid(bf2edee5c58d82540a51f03df9d42094) Importer(815301076,1909f56bfc062723c751e8b465ee728b) (PreviewImporter) -> (artifact id: 'd5ce5ca4d7f7a0bf6c29f56626cc59d4') in 0.0007193 seconds
Number of updated asset objects reloaded before import = 0Number of asset objects unloaded after import = 0

========================================================================
Received Import Request.
  Time since last request: 1.365428 seconds.
  path: Packages/com.unity.render-pipelines.universal/Runtime/Data/UniversalRendererData.asset
  artifactKey: Guid(ba6e69114eba6af4585b7b850051b2d9) Importer(815301076,1909f56bfc062723c751e8b465ee728b)
Start importing Packages/com.unity.render-pipelines.universal/Runtime/Data/UniversalRendererData.asset using Guid(ba6e69114eba6af4585b7b850051b2d9) Importer(815301076,1909f56bfc062723c751e8b465ee728b) (PreviewImporter) -> (artifact id: 'b3a83e825d3dfeb684df4e41d063ddab') in 0.010053 seconds
Number of updated asset objects reloaded before import = 0Number of asset objects unloaded after import = 47

========================================================================
Received Import Request.
  Time since last request: 2.960918 seconds.
  path: Packages/com.unity.render-pipelines.universal/Runtime/Data/PostProcessData.asset
  artifactKey: Guid(41439944d30ece34e96484bdb6645b55) Importer(815301076,1909f56bfc062723c751e8b465ee728b)
Start importing Packages/com.unity.render-pipelines.universal/Runtime/Data/PostProcessData.asset using Guid(41439944d30ece34e96484bdb6645b55) Importer(815301076,1909f56bfc062723c751e8b465ee728b) (PreviewImporter) -> (artifact id: '616567f7d06628084dae03c77f1f3928') in 0.0091778 seconds
Number of updated asset objects reloaded before import = 0Number of asset objects unloaded after import = 45

========================================================================
Received Import Request.
  Time since last request: 29.121452 seconds.
  path: Assets/Render/New Volume Profile.asset
  artifactKey: Guid(3ad181a9487ecba4ebc1b570b379c4a7) Importer(815301076,1909f56bfc062723c751e8b465ee728b)
Start importing Assets/Render/New Volume Profile.asset using Guid(3ad181a9487ecba4ebc1b570b379c4a7) Importer(815301076,1909f56bfc062723c751e8b465ee728b) (PreviewImporter) -> (artifact id: '4405bfc043c5cac39502d06e0f5bdbb9') in 0.001046 seconds
Number of updated asset objects reloaded before import = 0Number of asset objects unloaded after import = 1

========================================================================
Received Prepare
Refreshing native plugins compatible for Editor in 2.40 ms, found 1 plugins.
Preloading 0 native plugins for Editor in 0.00 ms.
Unloading 80 Unused Serialized files (Serialized files now loaded: 0)
Unloading 31 unused Assets / (3.0 MB). Loaded Objects now: 6885.
Memory consumption went from 134.4 MB to 131.5 MB.
Total: 9.427600 ms (FindLiveObjects: 0.360100 ms CreateObjectMapping: 0.323100 ms MarkObjects: 8.041500 ms  DeleteObjects: 0.701000 ms)

Prepare: number of updated asset objects reloaded= 0
========================================================================
Received Prepare
Refreshing native plugins compatible for Editor in 1.98 ms, found 1 plugins.
Preloading 0 native plugins for Editor in 0.00 ms.
Unloading 31 Unused Serialized files (Serialized files now loaded: 0)
Unloading 31 unused Assets / (3.0 MB). Loaded Objects now: 6885.
Memory consumption went from 130.9 MB to 127.9 MB.
Total: 8.597000 ms (FindLiveObjects: 0.387600 ms CreateObjectMapping: 0.385500 ms MarkObjects: 7.047900 ms  DeleteObjects: 0.775000 ms)

Prepare: number of updated asset objects reloaded= 0
========================================================================
Received Import Request.
  Time since last request: 103.864892 seconds.
  path: Assets/UniversalRenderPipelineGlobalSettings.asset
  artifactKey: Guid(76057f6e43c918d489ad676de2a91840) Importer(815301076,1909f56bfc062723c751e8b465ee728b)
Start importing Assets/UniversalRenderPipelineGlobalSettings.asset using Guid(76057f6e43c918d489ad676de2a91840) Importer(815301076,1909f56bfc062723c751e8b465ee728b) (PreviewImporter) -> (artifact id: '567374429fd29c03cd9659c74011087d') in 0.0785856 seconds
Number of updated asset objects reloaded before import = 0Number of asset objects unloaded after import = 29

========================================================================
Received Import Request.
  Time since last request: 7.513708 seconds.
  path: Assets/DefaultVolumeProfile.asset
  artifactKey: Guid(126c2d69751e17f4a97aa6bec60416dd) Importer(815301076,1909f56bfc062723c751e8b465ee728b)
Start importing Assets/DefaultVolumeProfile.asset using Guid(126c2d69751e17f4a97aa6bec60416dd) Importer(815301076,1909f56bfc062723c751e8b465ee728b) (PreviewImporter) -> (artifact id: 'a3037ec0ec98aed8c5d5b9be98500387') in 0.002959 seconds
Number of updated asset objects reloaded before import = 0Number of asset objects unloaded after import = 20

========================================================================
Received Import Request.
  Time since last request: 1.818447 seconds.
  path: Assets/Render/urprenderdata.asset
  artifactKey: Guid(882367d24471cf04fa55454c08aedf01) Importer(815301076,1909f56bfc062723c751e8b465ee728b)
Start importing Assets/Render/urprenderdata.asset using Guid(882367d24471cf04fa55454c08aedf01) Importer(815301076,1909f56bfc062723c751e8b465ee728b) (PreviewImporter) -> (artifact id: '3fb4d7076bd58e9fa4d13a299fcac1c3') in 0.0006687 seconds
Number of updated asset objects reloaded before import = 0Number of asset objects unloaded after import = 0

========================================================================
Received Import Request.
  Time since last request: 0.645222 seconds.
  path: Assets/Render/urprender.asset
  artifactKey: Guid(0c3771858962d214592fb34b7b3b5728) Importer(815301076,1909f56bfc062723c751e8b465ee728b)
Start importing Assets/Render/urprender.asset using Guid(0c3771858962d214592fb34b7b3b5728) Importer(815301076,1909f56bfc062723c751e8b465ee728b) (PreviewImporter) -> (artifact id: '9af5e92dc329b93e04fd9e757a77f73a') in 0.0008916 seconds
Number of updated asset objects reloaded before import = 0Number of asset objects unloaded after import = 0

========================================================================
Received Import Request.
  Time since last request: 50.273004 seconds.
  path: Assets/GameMain/Materials/part_blast_mat.mat
  artifactKey: Guid(1cfe02ffd0b74854ea5bcd1a3c63ac3c) Importer(815301076,1909f56bfc062723c751e8b465ee728b)
Start importing Assets/GameMain/Materials/part_blast_mat.mat using Guid(1cfe02ffd0b74854ea5bcd1a3c63ac3c) Importer(815301076,1909f56bfc062723c751e8b465ee728b) (PreviewImporter) -> (artifact id: 'b173b764bbb8d05a60264c7b8784ce55') in 0.4923834 seconds
Number of updated asset objects reloaded before import = 0Number of asset objects unloaded after import = 2

========================================================================
Received Import Request.
  Time since last request: 0.000046 seconds.
  path: Assets/Plugins/Pixel Crushers/Dialogue System/Demo/Art/Scifi Environment/Materials/wallTanker.mat
  artifactKey: Guid(822331cfd0cd1924d8b742e2afa46eb2) Importer(815301076,1909f56bfc062723c751e8b465ee728b)
Start importing Assets/Plugins/Pixel Crushers/Dialogue System/Demo/Art/Scifi Environment/Materials/wallTanker.mat using Guid(822331cfd0cd1924d8b742e2afa46eb2) Importer(815301076,1909f56bfc062723c751e8b465ee728b) (PreviewImporter) -> (artifact id: '1af3134357e80b1f1e41b3403a9b658d') in 0.0329201 seconds
Number of updated asset objects reloaded before import = 0Number of asset objects unloaded after import = 2

========================================================================
Received Import Request.
  Time since last request: 0.000038 seconds.
  path: Assets/Plugins/Unity-URP-ScreenSpaceRefraction/Shader/RefractionGlassComplex.shadergraph
  artifactKey: Guid(132cf1aeab1bd544d90f2dcb3ed79cc4) Importer(815301076,1909f56bfc062723c751e8b465ee728b)
Start importing Assets/Plugins/Unity-URP-ScreenSpaceRefraction/Shader/RefractionGlassComplex.shadergraph using Guid(132cf1aeab1bd544d90f2dcb3ed79cc4) Importer(815301076,1909f56bfc062723c751e8b465ee728b) (PreviewImporter) -> (artifact id: '3ae1f7d75c5e97fd1d63e5eed60bbc35') in 0.7261463 seconds
Number of updated asset objects reloaded before import = 0Number of asset objects unloaded after import = 6

========================================================================
Received Import Request.
  Time since last request: 0.000027 seconds.
  path: Assets/GameMain/Materials/part_shockwave_mat.mat
  artifactKey: Guid(1d46a17a95a444c08830612bc1146d1d) Importer(815301076,1909f56bfc062723c751e8b465ee728b)
Start importing Assets/GameMain/Materials/part_shockwave_mat.mat using Guid(1d46a17a95a444c08830612bc1146d1d) Importer(815301076,1909f56bfc062723c751e8b465ee728b) (PreviewImporter) -> (artifact id: 'd214ec196feab90f04ef8e0ff9e5eef8') in 0.0136207 seconds
Number of updated asset objects reloaded before import = 0Number of asset objects unloaded after import = 2

========================================================================
Received Import Request.
  Time since last request: 0.000038 seconds.
  path: Assets/Plugins/Pixel Crushers/Dialogue System/Demo/Art/Recon Troop/Materials/ReconTroopRed.mat
  artifactKey: Guid(03402bb0844a94e4f9ef09f124ae0c8a) Importer(815301076,1909f56bfc062723c751e8b465ee728b)
Start importing Assets/Plugins/Pixel Crushers/Dialogue System/Demo/Art/Recon Troop/Materials/ReconTroopRed.mat using Guid(03402bb0844a94e4f9ef09f124ae0c8a) Importer(815301076,1909f56bfc062723c751e8b465ee728b) (PreviewImporter) -> (artifact id: 'af3c8baf667a82436561fc2186621949') in 0.054487 seconds
Number of updated asset objects reloaded before import = 0Number of asset objects unloaded after import = 3

========================================================================
Received Import Request.
  Time since last request: 0.000028 seconds.
  path: Assets/Plugins/Unity-URP-ScreenSpaceRefraction/Examples/Crystal.mat
  artifactKey: Guid(f9ac8f05cb5320d4fba60c4499614b9b) Importer(815301076,1909f56bfc062723c751e8b465ee728b)
Start importing Assets/Plugins/Unity-URP-ScreenSpaceRefraction/Examples/Crystal.mat using Guid(f9ac8f05cb5320d4fba60c4499614b9b) Importer(815301076,1909f56bfc062723c751e8b465ee728b) (PreviewImporter) -> (artifact id: '2bfec35410afd400dc61d27c6debb70e') in 0.0484531 seconds
Number of updated asset objects reloaded before import = 0Number of asset objects unloaded after import = 12

========================================================================
Received Import Request.
  Time since last request: 0.000056 seconds.
  path: Assets/Plugins/Pixel Crushers/Dialogue System/Demo/Art/Scifi Environment/Materials/TerminalDiffuseMap.mat
  artifactKey: Guid(da530438de201db409b41164a5192f40) Importer(815301076,1909f56bfc062723c751e8b465ee728b)
Start importing Assets/Plugins/Pixel Crushers/Dialogue System/Demo/Art/Scifi Environment/Materials/TerminalDiffuseMap.mat using Guid(da530438de201db409b41164a5192f40) Importer(815301076,1909f56bfc062723c751e8b465ee728b) (PreviewImporter) -> (artifact id: 'f0642b829e571f6484b3a75fea3a46d4') in 0.1449501 seconds
Number of updated asset objects reloaded before import = 0Number of asset objects unloaded after import = 3

========================================================================
Received Import Request.
  Time since last request: 0.000035 seconds.
  path: Assets/Plugins/Pixel Crushers/Dialogue System/Demo/Art/Scifi Environment/Materials/WallLamp-16 - Default.mat
  artifactKey: Guid(11fb2d248febdc846b81524c9ac75a5f) Importer(815301076,1909f56bfc062723c751e8b465ee728b)
Start importing Assets/Plugins/Pixel Crushers/Dialogue System/Demo/Art/Scifi Environment/Materials/WallLamp-16 - Default.mat using Guid(11fb2d248febdc846b81524c9ac75a5f) Importer(815301076,1909f56bfc062723c751e8b465ee728b) (PreviewImporter) -> (artifact id: '15d4a2b21a36f4bf92a6c76356e9502c') in 0.037068 seconds
Number of updated asset objects reloaded before import = 0Number of asset objects unloaded after import = 3

========================================================================
Received Import Request.
  Time since last request: 0.000029 seconds.
  path: Assets/Plugins/Pixel Crushers/Dialogue System/Demo/Art/Recon Troop/Materials/Head.mat
  artifactKey: Guid(67e66cd37fc0b794aa0a01c6e5d9a7cb) Importer(815301076,1909f56bfc062723c751e8b465ee728b)
Start importing Assets/Plugins/Pixel Crushers/Dialogue System/Demo/Art/Recon Troop/Materials/Head.mat using Guid(67e66cd37fc0b794aa0a01c6e5d9a7cb) Importer(815301076,1909f56bfc062723c751e8b465ee728b) (PreviewImporter) -> (artifact id: 'eb9c373061df686301cccacbb4809d59') in 0.0221303 seconds
Number of updated asset objects reloaded before import = 0Number of asset objects unloaded after import = 2

========================================================================
Received Import Request.
  Time since last request: 0.000026 seconds.
  path: Assets/GameMain/Materials/part_star_mat.mat
  artifactKey: Guid(185f97f18bd603a478461ce9c08bd039) Importer(815301076,1909f56bfc062723c751e8b465ee728b)
Start importing Assets/GameMain/Materials/part_star_mat.mat using Guid(185f97f18bd603a478461ce9c08bd039) Importer(815301076,1909f56bfc062723c751e8b465ee728b) (PreviewImporter) -> (artifact id: '5a7c4e3944b8f670f638cc0822cbf227') in 0.0249082 seconds
Number of updated asset objects reloaded before import = 0Number of asset objects unloaded after import = 2

========================================================================
Received Import Request.
  Time since last request: 0.000021 seconds.
  path: Assets/GameMain/Materials/part_spark_white_mat.mat
  artifactKey: Guid(0f995b3145e0e7247a42da6cef1dbf23) Importer(815301076,1909f56bfc062723c751e8b465ee728b)
Start importing Assets/GameMain/Materials/part_spark_white_mat.mat using Guid(0f995b3145e0e7247a42da6cef1dbf23) Importer(815301076,1909f56bfc062723c751e8b465ee728b) (PreviewImporter) -> (artifact id: '57bc7d6d8a53a0d5476bb7df5c5433e7') in 0.010404 seconds
Number of updated asset objects reloaded before import = 0Number of asset objects unloaded after import = 2

========================================================================
Received Import Request.
  Time since last request: 0.000020 seconds.
  path: Assets/Plugins/Unity-URP-ScreenSpaceRefraction/Shader/RefractionGlassSimple.shadergraph
  artifactKey: Guid(b76f3d3d5fd0a62459273855b7a4ac79) Importer(815301076,1909f56bfc062723c751e8b465ee728b)
Start importing Assets/Plugins/Unity-URP-ScreenSpaceRefraction/Shader/RefractionGlassSimple.shadergraph using Guid(b76f3d3d5fd0a62459273855b7a4ac79) Importer(815301076,1909f56bfc062723c751e8b465ee728b) (PreviewImporter) -> (artifact id: 'cca996a97a6622d648361e22ef0f4732') in 0.5353378 seconds
Number of updated asset objects reloaded before import = 0Number of asset objects unloaded after import = 6

========================================================================
Received Import Request.
  Time since last request: 0.000033 seconds.
  path: Assets/Plugins/Pixel Crushers/Dialogue System/Demo/Art/Scifi Environment/Materials/LargeDoorway.mat
  artifactKey: Guid(6a445ffbc6e735340a32da924c9881c2) Importer(815301076,1909f56bfc062723c751e8b465ee728b)
Start importing Assets/Plugins/Pixel Crushers/Dialogue System/Demo/Art/Scifi Environment/Materials/LargeDoorway.mat using Guid(6a445ffbc6e735340a32da924c9881c2) Importer(815301076,1909f56bfc062723c751e8b465ee728b) (PreviewImporter) -> (artifact id: '5e498639bdd0e0bf48e1ddbc0226f155') in 0.0866265 seconds
Number of updated asset objects reloaded before import = 0Number of asset objects unloaded after import = 3

========================================================================
Received Import Request.
  Time since last request: 0.000031 seconds.
  path: Assets/Plugins/Pixel Crushers/Dialogue System/Prefabs/Art/Fonts/Orbitron/orbitron-medium.otf
  artifactKey: Guid(038a74619252e3244a242e9bf976721c) Importer(815301076,1909f56bfc062723c751e8b465ee728b)
Start importing Assets/Plugins/Pixel Crushers/Dialogue System/Prefabs/Art/Fonts/Orbitron/orbitron-medium.otf using Guid(038a74619252e3244a242e9bf976721c) Importer(815301076,1909f56bfc062723c751e8b465ee728b) (PreviewImporter) -> (artifact id: 'c2049e27542d93a6dacea4bf37e63d12') in 0.0203992 seconds
Number of updated asset objects reloaded before import = 0Number of asset objects unloaded after import = 4

========================================================================
Received Import Request.
  Time since last request: 0.000026 seconds.
  path: Assets/GameMain/Materials/done_fx_bolt_orange_mat.mat
  artifactKey: Guid(8e27380ee68aa4a219b4db9018e7da31) Importer(815301076,1909f56bfc062723c751e8b465ee728b)
Start importing Assets/GameMain/Materials/done_fx_bolt_orange_mat.mat using Guid(8e27380ee68aa4a219b4db9018e7da31) Importer(815301076,1909f56bfc062723c751e8b465ee728b) (PreviewImporter) -> (artifact id: 'a4cdd1531523ae5be55ec1142c713779') in 0.0081678 seconds
Number of updated asset objects reloaded before import = 0Number of asset objects unloaded after import = 2

========================================================================
Received Import Request.
  Time since last request: 0.000022 seconds.
  path: Assets/GameMain/Materials/vehicle_playerShip_glass_mat.mat
  artifactKey: Guid(f36c72c738c55f741afcd674a0b1245f) Importer(815301076,1909f56bfc062723c751e8b465ee728b)
Start importing Assets/GameMain/Materials/vehicle_playerShip_glass_mat.mat using Guid(f36c72c738c55f741afcd674a0b1245f) Importer(815301076,1909f56bfc062723c751e8b465ee728b) (PreviewImporter) -> (artifact id: '42bda7d395d2778efbfc21096337d559') in 0.0380862 seconds
Number of updated asset objects reloaded before import = 0Number of asset objects unloaded after import = 3

========================================================================
Received Import Request.
  Time since last request: 0.000035 seconds.
  path: Assets/Plugins/Pixel Crushers/Dialogue System/Demo/Art/Recon Troop/Materials/AssaultGun.mat
  artifactKey: Guid(5eff153ada2024d40ace67fb4049f1b0) Importer(815301076,1909f56bfc062723c751e8b465ee728b)
Start importing Assets/Plugins/Pixel Crushers/Dialogue System/Demo/Art/Recon Troop/Materials/AssaultGun.mat using Guid(5eff153ada2024d40ace67fb4049f1b0) Importer(815301076,1909f56bfc062723c751e8b465ee728b) (PreviewImporter) -> (artifact id: 'a09897ccd0e9448fc226084a42e5015b') in 0.0460229 seconds
Number of updated asset objects reloaded before import = 0Number of asset objects unloaded after import = 2

========================================================================
Received Import Request.
  Time since last request: 0.000022 seconds.
  path: Assets/GameMain/Materials/prop_asteroid_03_mat.mat
  artifactKey: Guid(4c3865b2ac420cd46a9cde6ab468d016) Importer(815301076,1909f56bfc062723c751e8b465ee728b)
Start importing Assets/GameMain/Materials/prop_asteroid_03_mat.mat using Guid(4c3865b2ac420cd46a9cde6ab468d016) Importer(815301076,1909f56bfc062723c751e8b465ee728b) (PreviewImporter) -> (artifact id: '4331db8f61f4bc4c08f29c6890546c67') in 0.0089839 seconds
Number of updated asset objects reloaded before import = 0Number of asset objects unloaded after import = 3

========================================================================
Received Import Request.
  Time since last request: 0.000029 seconds.
  path: Assets/GameMain/Materials/part_spark_blue_mat.mat
  artifactKey: Guid(b0c7cf51d3fecb446ab93bf854419715) Importer(815301076,1909f56bfc062723c751e8b465ee728b)
Start importing Assets/GameMain/Materials/part_spark_blue_mat.mat using Guid(b0c7cf51d3fecb446ab93bf854419715) Importer(815301076,1909f56bfc062723c751e8b465ee728b) (PreviewImporter) -> (artifact id: '5864f87a2ecd77b0b883a70df7bb0ad3') in 0.0231568 seconds
Number of updated asset objects reloaded before import = 0Number of asset objects unloaded after import = 2

========================================================================
Received Import Request.
  Time since last request: 0.000018 seconds.
  path: Assets/Plugins/Pixel Crushers/Dialogue System/Demo/Art/Recon Troop/Materials/ReconTroopHelmetRed.mat
  artifactKey: Guid(95846deeca9c9e1439116cac67f8b61d) Importer(815301076,1909f56bfc062723c751e8b465ee728b)
Start importing Assets/Plugins/Pixel Crushers/Dialogue System/Demo/Art/Recon Troop/Materials/ReconTroopHelmetRed.mat using Guid(95846deeca9c9e1439116cac67f8b61d) Importer(815301076,1909f56bfc062723c751e8b465ee728b) (PreviewImporter) -> (artifact id: '79f6b3afb898cb84b8ca1fc689ceb2ad') in 0.0271952 seconds
Number of updated asset objects reloaded before import = 0Number of asset objects unloaded after import = 3

========================================================================
Received Import Request.
  Time since last request: 0.000023 seconds.
  path: Assets/Plugins/Pixel Crushers/Dialogue System/Prefabs/Art/Textures/UnityUI/Jupiter.ttf
  artifactKey: Guid(7cb2912222469634ba17a77055919ea8) Importer(815301076,1909f56bfc062723c751e8b465ee728b)
Start importing Assets/Plugins/Pixel Crushers/Dialogue System/Prefabs/Art/Textures/UnityUI/Jupiter.ttf using Guid(7cb2912222469634ba17a77055919ea8) Importer(815301076,1909f56bfc062723c751e8b465ee728b) (PreviewImporter) -> (artifact id: '3bc856453738eb74dbe34a8cda3f51bc') in 0.0182929 seconds
Number of updated asset objects reloaded before import = 0Number of asset objects unloaded after import = 4

========================================================================
Received Import Request.
  Time since last request: 0.000025 seconds.
  path: Assets/Plugins/Pixel Crushers/Dialogue System/Prefabs/Art/Fonts/Orbitron/orbitron-black.otf
  artifactKey: Guid(62ee12dee9c858b4fbf2e65695e40080) Importer(815301076,1909f56bfc062723c751e8b465ee728b)
Start importing Assets/Plugins/Pixel Crushers/Dialogue System/Prefabs/Art/Fonts/Orbitron/orbitron-black.otf using Guid(62ee12dee9c858b4fbf2e65695e40080) Importer(815301076,1909f56bfc062723c751e8b465ee728b) (PreviewImporter) -> (artifact id: '5e0a2964a050bd98ffe762d08a7e3c53') in 0.0104026 seconds
Number of updated asset objects reloaded before import = 0Number of asset objects unloaded after import = 4

========================================================================
Received Import Request.
  Time since last request: 0.000028 seconds.
  path: Assets/Plugins/Pixel Crushers/Dialogue System/Demo/Art/Scifi Environment/Materials/FloorAmaterial.mat
  artifactKey: Guid(de5031a49559bb442adc46fd99ce8b69) Importer(815301076,1909f56bfc062723c751e8b465ee728b)
Start importing Assets/Plugins/Pixel Crushers/Dialogue System/Demo/Art/Scifi Environment/Materials/FloorAmaterial.mat using Guid(de5031a49559bb442adc46fd99ce8b69) Importer(815301076,1909f56bfc062723c751e8b465ee728b) (PreviewImporter) -> (artifact id: '824bd059441ef04b73d37eb4082afa3f') in 0.0967276 seconds
Number of updated asset objects reloaded before import = 0Number of asset objects unloaded after import = 3

========================================================================
Received Import Request.
  Time since last request: 0.000045 seconds.
  path: Assets/Plugins/Pixel Crushers/Dialogue System/Demo/Art/Recon Troop/Materials/ReconTroop.mat
  artifactKey: Guid(92cc50cb1813aea47b6096bec7d25a1a) Importer(815301076,1909f56bfc062723c751e8b465ee728b)
Start importing Assets/Plugins/Pixel Crushers/Dialogue System/Demo/Art/Recon Troop/Materials/ReconTroop.mat using Guid(92cc50cb1813aea47b6096bec7d25a1a) Importer(815301076,1909f56bfc062723c751e8b465ee728b) (PreviewImporter) -> (artifact id: '2afa13856274d09126d4c787a23665fc') in 0.0504898 seconds
Number of updated asset objects reloaded before import = 0Number of asset objects unloaded after import = 3

========================================================================
Received Import Request.
  Time since last request: 112.314768 seconds.
  path: Assets/Plugins/Unity-URP-ScreenSpaceRefraction/Mesh/Crystal/textures/lambert1_albedo.jpg
  artifactKey: Guid(ac52994bb2775e34a840d54d94b46ad7) Importer(815301076,1909f56bfc062723c751e8b465ee728b)
Start importing Assets/Plugins/Unity-URP-ScreenSpaceRefraction/Mesh/Crystal/textures/lambert1_albedo.jpg using Guid(ac52994bb2775e34a840d54d94b46ad7) Importer(815301076,1909f56bfc062723c751e8b465ee728b) (PreviewImporter) -> (artifact id: '5540b8187142ec76a9ceee57a4e2f29e') in 0.0112095 seconds
Number of updated asset objects reloaded before import = 0Number of asset objects unloaded after import = 2

========================================================================
Received Import Request.
  Time since last request: 0.000040 seconds.
  path: Assets/Plugins/Unity-URP-ScreenSpaceRefraction/Mesh/Crystal/textures/lambert1_roughness.jpg
  artifactKey: Guid(913eebf1f54402845af4b93918f6c782) Importer(815301076,1909f56bfc062723c751e8b465ee728b)
Start importing Assets/Plugins/Unity-URP-ScreenSpaceRefraction/Mesh/Crystal/textures/lambert1_roughness.jpg using Guid(913eebf1f54402845af4b93918f6c782) Importer(815301076,1909f56bfc062723c751e8b465ee728b) (PreviewImporter) -> (artifact id: '98449f361183de5e4041816bc63042ac') in 0.0100567 seconds
Number of updated asset objects reloaded before import = 0Number of asset objects unloaded after import = 2

========================================================================
Received Import Request.
  Time since last request: 0.000033 seconds.
  path: Assets/Plugins/Unity-URP-ScreenSpaceRefraction/Mesh/Crystal/textures/lambert1_AO.jpg
  artifactKey: Guid(1f55aad100d649d42b0bf85d1aaae722) Importer(815301076,1909f56bfc062723c751e8b465ee728b)
Start importing Assets/Plugins/Unity-URP-ScreenSpaceRefraction/Mesh/Crystal/textures/lambert1_AO.jpg using Guid(1f55aad100d649d42b0bf85d1aaae722) Importer(815301076,1909f56bfc062723c751e8b465ee728b) (PreviewImporter) -> (artifact id: '548c72c488533a9f40c5baee53f4704d') in 0.0107199 seconds
Number of updated asset objects reloaded before import = 0Number of asset objects unloaded after import = 2

========================================================================
Received Import Request.
  Time since last request: 8.178355 seconds.
  path: Assets/Gizmos/DialogueDatabase Icon.png
  artifactKey: Guid(8c00072895782fb4d918363c8ff501a5) Importer(815301076,1909f56bfc062723c751e8b465ee728b)
Start importing Assets/Gizmos/DialogueDatabase Icon.png using Guid(8c00072895782fb4d918363c8ff501a5) Importer(815301076,1909f56bfc062723c751e8b465ee728b) (PreviewImporter) -> (artifact id: '12b2ae614bebc94847b9b4596d633b48') in 0.0579432 seconds
Number of updated asset objects reloaded before import = 0Number of asset objects unloaded after import = 1

========================================================================
Received Import Request.
  Time since last request: 0.000024 seconds.
  path: Assets/Plugins/Pixel Crushers/Dialogue System/Demo/Art/Scifi Environment/Textures/FloorTileA.tga
  artifactKey: Guid(ec41d70fedd31494c91aff098c75d76b) Importer(815301076,1909f56bfc062723c751e8b465ee728b)
Start importing Assets/Plugins/Pixel Crushers/Dialogue System/Demo/Art/Scifi Environment/Textures/FloorTileA.tga using Guid(ec41d70fedd31494c91aff098c75d76b) Importer(815301076,1909f56bfc062723c751e8b465ee728b) (PreviewImporter) -> (artifact id: '0f0c82d9a83b1ad73b94453e3bad1125') in 0.2172853 seconds
Number of updated asset objects reloaded before import = 0Number of asset objects unloaded after import = 2

========================================================================
Received Import Request.
  Time since last request: 0.000026 seconds.
  path: Assets/Plugins/Pixel Crushers/Dialogue System/Demo/Art/Scifi Environment/Textures/FloorTileA_norm.png
  artifactKey: Guid(3ebe12b2f8f6ee54aa7fbbfcf1081017) Importer(815301076,1909f56bfc062723c751e8b465ee728b)
Start importing Assets/Plugins/Pixel Crushers/Dialogue System/Demo/Art/Scifi Environment/Textures/FloorTileA_norm.png using Guid(3ebe12b2f8f6ee54aa7fbbfcf1081017) Importer(815301076,1909f56bfc062723c751e8b465ee728b) (PreviewImporter) -> (artifact id: '0156a66ae113308085a337cde74566db') in 0.0278318 seconds
Number of updated asset objects reloaded before import = 0Number of asset objects unloaded after import = 2

========================================================================
Received Import Request.
  Time since last request: 0.000024 seconds.
  path: Assets/Plugins/Pixel Crushers/Dialogue System/Prefabs/Art/Textures/VN/JRPG 1 Panel Sprite.png
  artifactKey: Guid(55c2ba421d9a0854d9fb61f3b7fa3f4a) Importer(815301076,1909f56bfc062723c751e8b465ee728b)
Start importing Assets/Plugins/Pixel Crushers/Dialogue System/Prefabs/Art/Textures/VN/JRPG 1 Panel Sprite.png using Guid(55c2ba421d9a0854d9fb61f3b7fa3f4a) Importer(815301076,1909f56bfc062723c751e8b465ee728b) (PreviewImporter) -> (artifact id: 'ac09b6b63613cf14f99e78b71de2610d') in 0.028441 seconds
Number of updated asset objects reloaded before import = 0Number of asset objects unloaded after import = 3

========================================================================
Received Import Request.
  Time since last request: 0.000020 seconds.
  path: Assets/Plugins/Pixel Crushers/Dialogue System/Demo/Art/Scifi Environment/Textures/LargeDoorway.png
  artifactKey: Guid(75b09da11fc5b594fadec1856f61a39d) Importer(815301076,1909f56bfc062723c751e8b465ee728b)
Start importing Assets/Plugins/Pixel Crushers/Dialogue System/Demo/Art/Scifi Environment/Textures/LargeDoorway.png using Guid(75b09da11fc5b594fadec1856f61a39d) Importer(815301076,1909f56bfc062723c751e8b465ee728b) (PreviewImporter) -> (artifact id: '36995deb5206e386eefd86f61ec82839') in 0.0076111 seconds
Number of updated asset objects reloaded before import = 0Number of asset objects unloaded after import = 2

========================================================================
Received Import Request.
  Time since last request: 0.000024 seconds.
  path: Assets/Plugins/Pixel Crushers/Dialogue System/Prefabs/Art/Textures/JRPG/FrameSprite.png
  artifactKey: Guid(0f8644d3c71a5ce4ea81275a5ea0280c) Importer(815301076,1909f56bfc062723c751e8b465ee728b)
Start importing Assets/Plugins/Pixel Crushers/Dialogue System/Prefabs/Art/Textures/JRPG/FrameSprite.png using Guid(0f8644d3c71a5ce4ea81275a5ea0280c) Importer(815301076,1909f56bfc062723c751e8b465ee728b) (PreviewImporter) -> (artifact id: 'a567f4318d693fe9f8c7712abd32e59f') in 0.0502666 seconds
Number of updated asset objects reloaded before import = 0Number of asset objects unloaded after import = 3

========================================================================
Received Import Request.
  Time since last request: 0.000021 seconds.
  path: Assets/Editor Default Resources/Dialogue System/EditorNode.png
  artifactKey: Guid(9a03d2f508e30c24e826a259b1c825ee) Importer(815301076,1909f56bfc062723c751e8b465ee728b)
Start importing Assets/Editor Default Resources/Dialogue System/EditorNode.png using Guid(9a03d2f508e30c24e826a259b1c825ee) Importer(815301076,1909f56bfc062723c751e8b465ee728b) (PreviewImporter) -> (artifact id: '291904f92a7a333ea8332b119926da82') in 0.0120348 seconds
Number of updated asset objects reloaded before import = 0Number of asset objects unloaded after import = 2

========================================================================
Received Import Request.
  Time since last request: 0.000030 seconds.
  path: Assets/Plugins/Pixel Crushers/Dialogue System/Demo/Art/Scifi Environment/Room/LightmapFar-1.exr
  artifactKey: Guid(c53c4b4b79706034fa3b38d0eb02363b) Importer(815301076,1909f56bfc062723c751e8b465ee728b)
Start importing Assets/Plugins/Pixel Crushers/Dialogue System/Demo/Art/Scifi Environment/Room/LightmapFar-1.exr using Guid(c53c4b4b79706034fa3b38d0eb02363b) Importer(815301076,1909f56bfc062723c751e8b465ee728b) (PreviewImporter) -> (artifact id: '5ab56e89171dc4cbf9e7d16270d1e780') in 0.0447963 seconds
Number of updated asset objects reloaded before import = 0Number of asset objects unloaded after import = 2

========================================================================
Received Import Request.
  Time since last request: 0.000028 seconds.
  path: Assets/GameMain/Textures/part_flash_dff.tif
  artifactKey: Guid(3e504a46a8fcec34db3c4776530c6eb2) Importer(815301076,1909f56bfc062723c751e8b465ee728b)
Start importing Assets/GameMain/Textures/part_flash_dff.tif using Guid(3e504a46a8fcec34db3c4776530c6eb2) Importer(815301076,1909f56bfc062723c751e8b465ee728b) (PreviewImporter) -> (artifact id: '058662e8f3c430c652bd512b01ec3bd3') in 0.0496134 seconds
Number of updated asset objects reloaded before import = 0Number of asset objects unloaded after import = 2

========================================================================
Received Import Request.
  Time since last request: 0.000023 seconds.
  path: Assets/GameMain/Textures/part_jet_core_dff.tif
  artifactKey: Guid(0963e6c65b2b1f74d9f455e21901e2dc) Importer(815301076,1909f56bfc062723c751e8b465ee728b)
Start importing Assets/GameMain/Textures/part_jet_core_dff.tif using Guid(0963e6c65b2b1f74d9f455e21901e2dc) Importer(815301076,1909f56bfc062723c751e8b465ee728b) (PreviewImporter) -> (artifact id: '3228674d6f37355e14697ae4bf06e3cf') in 0.0442665 seconds
Number of updated asset objects reloaded before import = 0Number of asset objects unloaded after import = 2

========================================================================
Received Import Request.
  Time since last request: 0.000021 seconds.
  path: Assets/GameMain/UI/UISprites/Common/line.png
  artifactKey: Guid(6cbc2c323b77f804fb958fa4eca33998) Importer(815301076,1909f56bfc062723c751e8b465ee728b)
Start importing Assets/GameMain/UI/UISprites/Common/line.png using Guid(6cbc2c323b77f804fb958fa4eca33998) Importer(815301076,1909f56bfc062723c751e8b465ee728b) (PreviewImporter) -> (artifact id: '7b266afc6c1492ca53b3a9ab195c3cec') in 0.042238 seconds
Number of updated asset objects reloaded before import = 0Number of asset objects unloaded after import = 3

========================================================================
Received Import Request.
  Time since last request: 0.000027 seconds.
  path: Assets/Plugins/Pixel Crushers/Dialogue System/Demo/Art/Scifi Environment/Room/LightmapNear-1.exr
  artifactKey: Guid(294fb33e6ff41544fae9f9ab01758571) Importer(815301076,1909f56bfc062723c751e8b465ee728b)
Start importing Assets/Plugins/Pixel Crushers/Dialogue System/Demo/Art/Scifi Environment/Room/LightmapNear-1.exr using Guid(294fb33e6ff41544fae9f9ab01758571) Importer(815301076,1909f56bfc062723c751e8b465ee728b) (PreviewImporter) -> (artifact id: 'ebc901f0879515557fdb5a61d6568421') in 0.1309877 seconds
Number of updated asset objects reloaded before import = 0Number of asset objects unloaded after import = 2

========================================================================
Received Import Request.
  Time since last request: 0.000048 seconds.
  path: Assets/Plugins/Pixel Crushers/Dialogue System/Prefabs/Art/Textures/Mobile/PanelBar.png
  artifactKey: Guid(8ae6b3bd2771d7140b1ba50d68a41d21) Importer(815301076,1909f56bfc062723c751e8b465ee728b)
Start importing Assets/Plugins/Pixel Crushers/Dialogue System/Prefabs/Art/Textures/Mobile/PanelBar.png using Guid(8ae6b3bd2771d7140b1ba50d68a41d21) Importer(815301076,1909f56bfc062723c751e8b465ee728b) (PreviewImporter) -> (artifact id: '1afa9df52dc413342b0f788cd3162f00') in 0.0196794 seconds
Number of updated asset objects reloaded before import = 0Number of asset objects unloaded after import = 3

========================================================================
Received Import Request.
  Time since last request: 0.000037 seconds.
  path: Assets/Plugins/Pixel Crushers/Dialogue System/Prefabs/Art/Textures/Shared Textures/Hard Background.png
  artifactKey: Guid(0fe180d56a536db45aca9b54c8c198f8) Importer(815301076,1909f56bfc062723c751e8b465ee728b)
Start importing Assets/Plugins/Pixel Crushers/Dialogue System/Prefabs/Art/Textures/Shared Textures/Hard Background.png using Guid(0fe180d56a536db45aca9b54c8c198f8) Importer(815301076,1909f56bfc062723c751e8b465ee728b) (PreviewImporter) -> (artifact id: 'c36e9cedffece287487526bcd0ea5ca8') in 0.0224179 seconds
Number of updated asset objects reloaded before import = 0Number of asset objects unloaded after import = 2

========================================================================
Received Import Request.
  Time since last request: 0.000019 seconds.
  path: Assets/Plugins/Pixel Crushers/Dialogue System/Demo/Art/Scifi Environment/Room/LightmapNear-3.exr
  artifactKey: Guid(8cfd968ea38959e47ba4b8f56b45ecd8) Importer(815301076,1909f56bfc062723c751e8b465ee728b)
Start importing Assets/Plugins/Pixel Crushers/Dialogue System/Demo/Art/Scifi Environment/Room/LightmapNear-3.exr using Guid(8cfd968ea38959e47ba4b8f56b45ecd8) Importer(815301076,1909f56bfc062723c751e8b465ee728b) (PreviewImporter) -> (artifact id: '736d427368ae0b5afa18acdcaeba15ed') in 0.03186 seconds
Number of updated asset objects reloaded before import = 0Number of asset objects unloaded after import = 2

Editor requested this worker to shutdown with reason: Scaling down because of idle timeout
AssetImportWorker is now disconnected from the server
Process exiting
Exiting without the bug reporter. Application will terminate with return code 0